[INFO]                                                                         
[INFO] ------------------------------------------------------------------------
[INFO] Building search 0.1.0_b205-SNAPSHOT
[INFO] ------------------------------------------------------------------------
[INFO] 
[INFO] [8mha:AAAAYB+LCAAAAAAAAABb85aBtbiIQSmjNKU4P0+vJLE4u1gvPjexLDVPzxdEGvvmZ+X75ZekLlOVfvTjc8FPJgaGiiIGKaiG5Py84vycVD1nCA1SyAABjCCFBQCV27OjYAAAAA==[0m--- maven-clean-plugin:2.4.1:clean (default-clean) @ search ---
[INFO] 
[INFO] [8mha:AAAAYB+LCAAAAAAAAABb85aBtbiIQSmjNKU4P0+vJLE4u1gvPjexLDVPzxdEGvvmZ+X75ZekLlOVfvTjc8FPJgaGiiIGKaiG5Py84vycVD1nCA1SyAABjCCFBQCV27OjYAAAAA==[0m--- gmaven-plugin:1.0:execute (default) @ search ---
[INFO] 
[INFO] [8mha:AAAAYB+LCAAAAAAAAABb85aBtbiIQSmjNKU4P0+vJLE4u1gvPjexLDVPzxdEGvvmZ+X75ZekLlOVfvTjc8FPJgaGiiIGKaiG5Py84vycVD1nCA1SyAABjCCFBQCV27OjYAAAAA==[0m--- gmaven-plugin:1.4:generateStubs (buildGroovies) @ search ---
[INFO] Generated 99 Java stubs
[INFO] 
[INFO] [8mha:AAAAYB+LCAAAAAAAAABb85aBtbiIQSmjNKU4P0+vJLE4u1gvPjexLDVPzxdEGvvmZ+X75ZekLlOVfvTjc8FPJgaGiiIGKaiG5Py84vycVD1nCA1SyAABjCCFBQCV27OjYAAAAA==[0m--- maven-resources-plugin:2.6:copy-resources (copy-webapp) @ search ---
[INFO] Using 'UTF-8' encoding to copy filtered resources.
[INFO] Copying 5 resources
[INFO] 
[INFO] [8mha:AAAAYB+LCAAAAAAAAABb85aBtbiIQSmjNKU4P0+vJLE4u1gvPjexLDVPzxdEGvvmZ+X75ZekLlOVfvTjc8FPJgaGiiIGKaiG5Py84vycVD1nCA1SyAABjCCFBQCV27OjYAAAAA==[0m--- maven-antrun-plugin:1.3:run (default) @ search ---
[INFO] Executing tasks
    [unzip] Expanding: /var/lib/jenkins/jobs/TSearchFunctionalTests/workspace/service/src/main/webapp/_plugin/bigdesk.zip into /var/lib/jenkins/jobs/TSearchFunctionalTests/workspace/service/target/search-0.1.0_b205-SNAPSHOT/_plugin
    [unzip] Expanding: /var/lib/jenkins/jobs/TSearchFunctionalTests/workspace/service/src/main/webapp/_plugin/paramedic.zip into /var/lib/jenkins/jobs/TSearchFunctionalTests/workspace/service/target/search-0.1.0_b205-SNAPSHOT/_plugin
[INFO] Executed tasks
[INFO] 
[INFO] [8mha:AAAAYB+LCAAAAAAAAABb85aBtbiIQSmjNKU4P0+vJLE4u1gvPjexLDVPzxdEGvvmZ+X75ZekLlOVfvTjc8FPJgaGiiIGKaiG5Py84vycVD1nCA1SyAABjCCFBQCV27OjYAAAAA==[0m--- maven-resources-plugin:2.6:resources (default-resources) @ search ---
[INFO] Using 'UTF-8' encoding to copy filtered resources.
[INFO] Copying 8 resources
[INFO] Copying 1 resource to ../
[INFO] 
[INFO] [8mha:AAAAYB+LCAAAAAAAAABb85aBtbiIQSmjNKU4P0+vJLE4u1gvPjexLDVPzxdEGvvmZ+X75ZekLlOVfvTjc8FPJgaGiiIGKaiG5Py84vycVD1nCA1SyAABjCCFBQCV27OjYAAAAA==[0m--- maven-compiler-plugin:2.3.2:compile (default-compile) @ search ---
[INFO] Compiling 97 source files to /var/lib/jenkins/jobs/TSearchFunctionalTests/workspace/service/target/classes
[INFO] 
[INFO] [8mha:AAAAYB+LCAAAAAAAAABb85aBtbiIQSmjNKU4P0+vJLE4u1gvPjexLDVPzxdEGvvmZ+X75ZekLlOVfvTjc8FPJgaGiiIGKaiG5Py84vycVD1nCA1SyAABjCCFBQCV27OjYAAAAA==[0m--- gmaven-plugin:1.4:compile (buildGroovies) @ search ---
[INFO] Compiled 211 Groovy classes
[INFO] 
[INFO] [8mha:AAAAYB+LCAAAAAAAAABb85aBtbiIQSmjNKU4P0+vJLE4u1gvPjexLDVPzxdEGvvmZ+X75ZekLlOVfvTjc8FPJgaGiiIGKaiG5Py84vycVD1nCA1SyAABjCCFBQCV27OjYAAAAA==[0m--- gmaven-plugin:1.4:execute (filterResources) @ search ---
[INFO] 
[INFO] [8mha:AAAAYB+LCAAAAAAAAABb85aBtbiIQSmjNKU4P0+vJLE4u1gvPjexLDVPzxdEGvvmZ+X75ZekLlOVfvTjc8FPJgaGiiIGKaiG5Py84vycVD1nCA1SyAABjCCFBQCV27OjYAAAAA==[0m--- gmaven-plugin:1.4:generateTestStubs (buildGroovies) @ search ---
[INFO] Generated 46 Java stubs
[INFO] [INFO] Using 'UTF-8' encoding to copy filtered resources.
[INFO] Copying 6 resources

[INFO] [8mha:AAAAYB+LCAAAAAAAAABb85aBtbiIQSmjNKU4P0+vJLE4u1gvPjexLDVPzxdEGvvmZ+X75ZekLlOVfvTjc8FPJgaGiiIGKaiG5Py84vycVD1nCA1SyAABjCCFBQCV27OjYAAAAA==[0m--- maven-resources-plugin:2.6:testResources (default-testResources) @ search ---
[INFO] 
[INFO] [8mha:AAAAYB+LCAAAAAAAAABb85aBtbiIQSmjNKU4P0+vJLE4u1gvPjexLDVPzxdEGvvmZ+X75ZekLlOVfvTjc8FPJgaGiiIGKaiG5Py84vycVD1nCA1SyAABjCCFBQCV27OjYAAAAA==[0m--- maven-compiler-plugin:2.3.2:testCompile (default-testCompile) @ search ---
[INFO] Compiling 46 source files to /var/lib/jenkins/jobs/TSearchFunctionalTests/workspace/service/target/test-classes
[INFO] 
[INFO] [8mha:AAAAYB+LCAAAAAAAAABb85aBtbiIQSmjNKU4P0+vJLE4u1gvPjexLDVPzxdEGvvmZ+X75ZekLlOVfvTjc8FPJgaGiiIGKaiG5Py84vycVD1nCA1SyAABjCCFBQCV27OjYAAAAA==[0m--- gmaven-plugin:1.4:testCompile (buildGroovies) @ search ---
[INFO] Compiled 57 Groovy classes
[INFO] 
[INFO] [8mha:AAAAYB+LCAAAAAAAAABb85aBtbiIQSmjNKU4P0+vJLE4u1gvPjexLDVPzxdEGvvmZ+X75ZekLlOVfvTjc8FPJgaGiiIGKaiG5Py84vycVD1nCA1SyAABjCCFBQCV27OjYAAAAA==[0m--- maven-surefire-plugin:2.10:test (default-test) @ search ---
[INFO] Tests are skipped.
[INFO] 
[INFO] [8mha:AAAAYB+LCAAAAAAAAABb85aBtbiIQSmjNKU4P0+vJLE4u1gvPjexLDVPzxdEGvvmZ+X75ZekLlOVfvTjc8FPJgaGiiIGKaiG5Py84vycVD1nCA1SyAABjCCFBQCV27OjYAAAAA==[0m--- maven-war-plugin:2.3:war (default-war) @ search ---
[INFO] Packaging webapp
[INFO] Assembling webapp [search] in [/var/lib/jenkins/jobs/TSearchFunctionalTests/workspace/service/target/search-0.1.0_b205-SNAPSHOT]
[INFO] Processing war project
[INFO] Webapp assembled in [528 msecs]
[INFO] Building war: /var/lib/jenkins/jobs/TSearchFunctionalTests/workspace/service/target/search-0.1.0_b205-SNAPSHOT.war
[INFO] 
[INFO] [8mha:AAAAYB+LCAAAAAAAAABb85aBtbiIQSmjNKU4P0+vJLE4u1gvPjexLDVPzxdEGvvmZ+X75ZekLlOVfvTjc8FPJgaGiiIGKaiG5Py84vycVD1nCA1SyAABjCCFBQCV27OjYAAAAA==[0m--- maven-assembly-plugin:2.2:single (make-assembly) @ search ---
[INFO] Reading assembly descriptor: /var/lib/jenkins/jobs/TSearchFunctionalTests/workspace/service/src/main/assembly/search.xml
[INFO] Reading assembly descriptor: /var/lib/jenkins/jobs/TSearchFunctionalTests/workspace/service/src/main/assembly/config.xml
[INFO] Building jar: /var/lib/jenkins/jobs/TSearchFunctionalTests/workspace/service/target/search-0.1.0_b205-SNAPSHOT-service.jar
[INFO] Building zip: /var/lib/jenkins/jobs/TSearchFunctionalTests/workspace/service/target/search-0.1.0_b205-SNAPSHOT-config.zip
[INFO] 
[INFO] [8mha:AAAAYB+LCAAAAAAAAABb85aBtbiIQSmjNKU4P0+vJLE4u1gvPjexLDVPzxdEGvvmZ+X75ZekLlOVfvTjc8FPJgaGiiIGKaiG5Py84vycVD1nCA1SyAABjCCFBQCV27OjYAAAAA==[0m--- gmaven-plugin:1.0:execute (default) @ search ---
Nov 11, 2013 2:58:40 PM hudson.maven.ExecutedMojo <init>
WARNING: Failed to getClass for org.mortbay.jetty.plugin.JettyDeployWar
[INFO] 
[INFO] [8mha:AAAAYB+LCAAAAAAAAABb85aBtbiIQSmjNKU4P0+vJLE4u1gvPjexLDVPzxdEGvvmZ+X75ZekLlOVfvTjc8FPJgaGiiIGKaiG5Py84vycVD1nCA1SyAABjCCFBQCV27OjYAAAAA==[0m--- jetty-maven-plugin:7.1.5.v20100705:deploy-war (start-jetty) @ search ---
[INFO] Configuring Jetty for project: search
[INFO] Context path = /
[INFO] Tmp directory = /var/lib/jenkins/jobs/TSearchFunctionalTests/workspace/service/target/tmp
[INFO] Web defaults = org/eclipse/jetty/webapp/webdefault.xml
[INFO] Web overrides =  none
[INFO] Starting jetty 7.1.5.v20100705 ...
2013-11-11 14:58:40.952:INFO::jetty-7.1.5.v20100705
2013-11-11 14:58:40.999:INFO::Extract jar:file:/var/lib/jenkins/jobs/TSearchFunctionalTests/workspace/service/target/search-0.1.0_b205-SNAPSHOT.war!/ to /var/lib/jenkins/jobs/TSearchFunctionalTests/workspace/service/target/search-0.1.0_b205-SNAPSHOT
2013-11-11 14:58:43.802:INFO::No Transaction manager found - if your webapp requires one, please configure one.
2013-11-11 14:58:44.893:WARN::Skipping PostConstruct annotation on com.sun.jersey.server.impl.ejb.EJBInjectionInterceptor.init: has parameters
2013-11-11 14:58:51.201:WARN::Skipping PostConstruct annotation on org.springframework.ejb.interceptor.SpringBeanAutowiringInterceptor.autowireBean: has parameters
2013-11-11 14:58:51.201:WARN::Skipping PreDestroy annotation on org.springframework.ejb.interceptor.SpringBeanAutowiringInterceptor.releaseBean: has parameters
14:59:00,887 |-INFO in ch.qos.logback.classic.LoggerContext[default] - Found resource [/var/lib/jenkins/jobs/TSearchFunctionalTests/workspace/service/target/test-classes/logback-jetty.xml] at [file:/var/lib/jenkins/jobs/TSearchFunctionalTests/workspace/service/target/test-classes/logback-jetty.xml]
14:59:01,626 |-INFO in ch.qos.logback.classic.joran.action.ConfigurationAction - debug attribute not set
14:59:01,629 |-INFO in ch.qos.logback.core.joran.action.AppenderAction - About to instantiate appender of type [ch.qos.logback.core.rolling.RollingFileAppender]
14:59:01,633 |-INFO in ch.qos.logback.core.joran.action.AppenderAction - Naming appender as [ROLLING]
14:59:01,693 |-INFO in c.q.l.core.rolling.TimeBasedRollingPolicy - Will use gz compression
14:59:01,695 |-INFO in c.q.l.core.rolling.TimeBasedRollingPolicy - Will use the pattern /var/lib/jenkins/jobs/TSearchFunctionalTests/workspace/service/target/logs/search-%d{yyyy-MM-dd_HH}.%i for the active file
14:59:01,699 |-INFO in ch.qos.logback.core.rolling.SizeAndTimeBasedFNATP@5770b13f - The date pattern is 'yyyy-MM-dd_HH' from file name pattern '/var/lib/jenkins/jobs/TSearchFunctionalTests/workspace/service/target/logs/search-%d{yyyy-MM-dd_HH}.%i.gz'.
14:59:01,699 |-INFO in ch.qos.logback.core.rolling.SizeAndTimeBasedFNATP@5770b13f - Roll-over at the top of every hour.
14:59:01,699 |-INFO in ch.qos.logback.core.rolling.SizeAndTimeBasedFNATP@5770b13f - Setting initial period to Mon Nov 11 14:59:01 UTC 2013
14:59:01,721 |-WARN in ch.qos.logback.core.rolling.RollingFileAppender[ROLLING] - This appender no longer admits a layout as a sub-component, set an encoder instead.
14:59:01,721 |-WARN in ch.qos.logback.core.rolling.RollingFileAppender[ROLLING] - To ensure compatibility, wrapping your layout in LayoutWrappingEncoder.
14:59:01,721 |-WARN in ch.qos.logback.core.rolling.RollingFileAppender[ROLLING] - See also http://logback.qos.ch/codes.html#layoutInsteadOfEncoder for details
14:59:01,722 |-INFO in ch.qos.logback.core.rolling.RollingFileAppender[ROLLING] - Active log file name: /var/lib/jenkins/jobs/TSearchFunctionalTests/workspace/service/target/logs/search.log
14:59:01,722 |-INFO in ch.qos.logback.core.rolling.RollingFileAppender[ROLLING] - File property is set to [/var/lib/jenkins/jobs/TSearchFunctionalTests/workspace/service/target/logs/search.log]
14:59:01,723 |-INFO in ch.qos.logback.core.joran.action.AppenderAction - About to instantiate appender of type [ch.qos.logback.core.rolling.RollingFileAppender]
14:59:01,723 |-INFO in ch.qos.logback.core.joran.action.AppenderAction - Naming appender as [RESPONSE_LOG]
14:59:01,725 |-INFO in c.q.l.core.rolling.TimeBasedRollingPolicy - Will use gz compression
14:59:01,726 |-INFO in c.q.l.core.rolling.TimeBasedRollingPolicy - Will use the pattern /var/lib/jenkins/jobs/TSearchFunctionalTests/workspace/service/target/logs/response-%d{yyyy-MM-dd_HH}.%i for the active file
14:59:01,729 |-INFO in ch.qos.logback.core.rolling.SizeAndTimeBasedFNATP@2784cbf2 - The date pattern is 'yyyy-MM-dd_HH' from file name pattern '/var/lib/jenkins/jobs/TSearchFunctionalTests/workspace/service/target/logs/response-%d{yyyy-MM-dd_HH}.%i.gz'.
14:59:01,729 |-INFO in ch.qos.logback.core.rolling.SizeAndTimeBasedFNATP@2784cbf2 - Roll-over at the top of every hour.
14:59:01,729 |-INFO in ch.qos.logback.core.rolling.SizeAndTimeBasedFNATP@2784cbf2 - Setting initial period to Mon Nov 11 14:59:01 UTC 2013
14:59:01,731 |-WARN in ch.qos.logback.core.rolling.RollingFileAppender[RESPONSE_LOG] - This appender no longer admits a layout as a sub-component, set an encoder instead.
14:59:01,731 |-WARN in ch.qos.logback.core.rolling.RollingFileAppender[RESPONSE_LOG] - To ensure compatibility, wrapping your layout in LayoutWrappingEncoder.
14:59:01,731 |-WARN in ch.qos.logback.core.rolling.RollingFileAppender[RESPONSE_LOG] - See also http://logback.qos.ch/codes.html#layoutInsteadOfEncoder for details
14:59:01,731 |-INFO in ch.qos.logback.core.rolling.RollingFileAppender[RESPONSE_LOG] - Active log file name: /var/lib/jenkins/jobs/TSearchFunctionalTests/workspace/service/target/logs/response.log
14:59:01,731 |-INFO in ch.qos.logback.core.rolling.RollingFileAppender[RESPONSE_LOG] - File property is set to [/var/lib/jenkins/jobs/TSearchFunctionalTests/workspace/service/target/logs/response.log]
14:59:01,731 |-INFO in ch.qos.logback.core.joran.action.AppenderAction - About to instantiate appender of type [ch.qos.logback.core.rolling.RollingFileAppender]
14:59:01,731 |-INFO in ch.qos.logback.core.joran.action.AppenderAction - Naming appender as [FAILURE_LOG]
14:59:01,734 |-INFO in c.q.l.core.rolling.TimeBasedRollingPolicy - Will use gz compression
14:59:01,734 |-INFO in c.q.l.core.rolling.TimeBasedRollingPolicy - Will use the pattern com.sun.aas.instanceRoot_IS_UNDEFINED/logs/failure-%d{yyyy-MM-dd}.%i for the active file
14:59:01,735 |-INFO in ch.qos.logback.core.rolling.SizeAndTimeBasedFNATP@7f699122 - The date pattern is 'yyyy-MM-dd' from file name pattern 'com.sun.aas.instanceRoot_IS_UNDEFINED/logs/failure-%d{yyyy-MM-dd}.%i.gz'.
14:59:01,735 |-INFO in ch.qos.logback.core.rolling.SizeAndTimeBasedFNATP@7f699122 - Roll-over at midnight.
14:59:01,735 |-INFO in ch.qos.logback.core.rolling.SizeAndTimeBasedFNATP@7f699122 - Setting initial period to Mon Nov 11 14:59:01 UTC 2013
14:59:01,736 |-WARN in ch.qos.logback.core.rolling.RollingFileAppender[FAILURE_LOG] - This appender no longer admits a layout as a sub-component, set an encoder instead.
14:59:01,736 |-WARN in ch.qos.logback.core.rolling.RollingFileAppender[FAILURE_LOG] - To ensure compatibility, wrapping your layout in LayoutWrappingEncoder.
14:59:01,736 |-WARN in ch.qos.logback.core.rolling.RollingFileAppender[FAILURE_LOG] - See also http://logback.qos.ch/codes.html#layoutInsteadOfEncoder for details
14:59:01,736 |-INFO in ch.qos.logback.core.rolling.RollingFileAppender[FAILURE_LOG] - Active log file name: /var/lib/jenkins/jobs/TSearchFunctionalTests/workspace/service/target/logs/failure.log
14:59:01,736 |-INFO in ch.qos.logback.core.rolling.RollingFileAppender[FAILURE_LOG] - File property is set to [/var/lib/jenkins/jobs/TSearchFunctionalTests/workspace/service/target/logs/failure.log]
14:59:01,736 |-INFO in ch.qos.logback.core.joran.action.AppenderAction - About to instantiate appender of type [ch.qos.logback.core.rolling.RollingFileAppender]
14:59:01,736 |-INFO in ch.qos.logback.core.joran.action.AppenderAction - Naming appender as [ELASTICSEARCH_LOG]
14:59:01,738 |-INFO in c.q.l.core.rolling.TimeBasedRollingPolicy - Will use gz compression
14:59:01,738 |-INFO in c.q.l.core.rolling.TimeBasedRollingPolicy - Will use the pattern /var/lib/jenkins/jobs/TSearchFunctionalTests/workspace/service/target/logs/elasticsearch-%d{yyyy-MM-dd}.%i for the active file
14:59:01,739 |-INFO in ch.qos.logback.core.rolling.SizeAndTimeBasedFNATP@6bb79087 - The date pattern is 'yyyy-MM-dd' from file name pattern '/var/lib/jenkins/jobs/TSearchFunctionalTests/workspace/service/target/logs/elasticsearch-%d{yyyy-MM-dd}.%i.gz'.
14:59:01,739 |-INFO in ch.qos.logback.core.rolling.SizeAndTimeBasedFNATP@6bb79087 - Roll-over at midnight.
14:59:01,739 |-INFO in ch.qos.logback.core.rolling.SizeAndTimeBasedFNATP@6bb79087 - Setting initial period to Mon Nov 11 14:59:01 UTC 2013
14:59:01,741 |-WARN in ch.qos.logback.core.rolling.RollingFileAppender[ELASTICSEARCH_LOG] - This appender no longer admits a layout as a sub-component, set an encoder instead.
14:59:01,741 |-WARN in ch.qos.logback.core.rolling.RollingFileAppender[ELASTICSEARCH_LOG] - To ensure compatibility, wrapping your layout in LayoutWrappingEncoder.
14:59:01,741 |-WARN in ch.qos.logback.core.rolling.RollingFileAppender[ELASTICSEARCH_LOG] - See also http://logback.qos.ch/codes.html#layoutInsteadOfEncoder for details
14:59:01,741 |-INFO in ch.qos.logback.core.rolling.RollingFileAppender[ELASTICSEARCH_LOG] - Active log file name: /var/lib/jenkins/jobs/TSearchFunctionalTests/workspace/service/target/logs/elasticsearch.log
14:59:01,741 |-INFO in ch.qos.logback.core.rolling.RollingFileAppender[ELASTICSEARCH_LOG] - File property is set to [/var/lib/jenkins/jobs/TSearchFunctionalTests/workspace/service/target/logs/elasticsearch.log]
14:59:01,741 |-INFO in ch.qos.logback.core.joran.action.AppenderAction - About to instantiate appender of type [ch.qos.logback.core.rolling.RollingFileAppender]
14:59:01,741 |-INFO in ch.qos.logback.core.joran.action.AppenderAction - Naming appender as [CORE_TICKET_LATENCY_LOG]
14:59:01,743 |-INFO in c.q.l.core.rolling.TimeBasedRollingPolicy - Will use gz compression
14:59:01,743 |-INFO in c.q.l.core.rolling.TimeBasedRollingPolicy - Will use the pattern /var/lib/jenkins/jobs/TSearchFunctionalTests/workspace/service/target/logs/coreTicketLatency-%d{yyyy-MM-dd}.%i for the active file
14:59:01,744 |-INFO in ch.qos.logback.core.rolling.SizeAndTimeBasedFNATP@6071c650 - The date pattern is 'yyyy-MM-dd' from file name pattern '/var/lib/jenkins/jobs/TSearchFunctionalTests/workspace/service/target/logs/coreTicketLatency-%d{yyyy-MM-dd}.%i.gz'.
14:59:01,744 |-INFO in ch.qos.logback.core.rolling.SizeAndTimeBasedFNATP@6071c650 - Roll-over at midnight.
14:59:01,744 |-INFO in ch.qos.logback.core.rolling.SizeAndTimeBasedFNATP@6071c650 - Setting initial period to Mon Nov 11 14:59:01 UTC 2013
14:59:01,745 |-WARN in ch.qos.logback.core.rolling.RollingFileAppender[CORE_TICKET_LATENCY_LOG] - This appender no longer admits a layout as a sub-component, set an encoder instead.
14:59:01,745 |-WARN in ch.qos.logback.core.rolling.RollingFileAppender[CORE_TICKET_LATENCY_LOG] - To ensure compatibility, wrapping your layout in LayoutWrappingEncoder.
14:59:01,745 |-WARN in ch.qos.logback.core.rolling.RollingFileAppender[CORE_TICKET_LATENCY_LOG] - See also http://logback.qos.ch/codes.html#layoutInsteadOfEncoder for details
14:59:01,745 |-INFO in ch.qos.logback.core.rolling.RollingFileAppender[CORE_TICKET_LATENCY_LOG] - Active log file name: /var/lib/jenkins/jobs/TSearchFunctionalTests/workspace/service/target/logs/coreTicketLatency.log
14:59:01,745 |-INFO in ch.qos.logback.core.rolling.RollingFileAppender[CORE_TICKET_LATENCY_LOG] - File property is set to [/var/lib/jenkins/jobs/TSearchFunctionalTests/workspace/service/target/logs/coreTicketLatency.log]
14:59:01,746 |-INFO in ch.qos.logback.classic.joran.action.LevelAction - com.rackspace.search level set to INFO
14:59:01,746 |-INFO in ch.qos.logback.classic.joran.action.LevelAction - ROOT level set to INFO
14:59:01,746 |-INFO in ch.qos.logback.core.joran.action.AppenderRefAction - Attaching appender named [ROLLING] to Logger[ROOT]
14:59:01,748 |-INFO in ch.qos.logback.core.joran.action.AppenderRefAction - Attaching appender named [RESPONSE_LOG] to Logger[ROOT]
14:59:01,748 |-INFO in ch.qos.logback.core.joran.action.AppenderRefAction - Attaching appender named [FAILURE_LOG] to Logger[ROOT]
14:59:01,748 |-INFO in ch.qos.logback.core.joran.action.AppenderRefAction - Attaching appender named [ELASTICSEARCH_LOG] to Logger[ROOT]
14:59:01,748 |-INFO in ch.qos.logback.core.joran.action.AppenderRefAction - Attaching appender named [CORE_TICKET_LATENCY_LOG] to Logger[ROOT]

2013-11-11 14:59:01.753:INFO:/:Initializing Spring root WebApplicationContext null null
Nov 11, 2013 2:59:11 PM com.mchange.v2.log.MLog <clinit>
INFO: MLog clients using java 1.4+ standard logging.
Nov 11, 2013 2:59:11 PM com.mchange.v2.c3p0.C3P0Registry banner
INFO: Initializing c3p0-0.9.1.2 [built 21-May-2007 15:04:56; debug? true; trace: 10]
Exception in thread "Timer-0" com.rackspace.search.exception.NotFoundException: Index is missing
	at sun.reflect.NativeConstructorAccessorImpl.newInstance0(Native Method)
	at sun.reflect.NativeConstructorAccessorImpl.newInstance(NativeConstructorAccessorImpl.java:39)
	at sun.reflect.DelegatingConstructorAccessorImpl.newInstance(DelegatingConstructorAccessorImpl.java:27)
	at java.lang.reflect.Constructor.newInstance(Constructor.java:513)
	at org.codehaus.groovy.reflection.CachedConstructor.invoke(CachedConstructor.java:77)
	at org.codehaus.groovy.runtime.callsite.ConstructorSite$ConstructorSiteNoUnwrapNoCoerce.callConstructor(ConstructorSite.java:102)
	at org.codehaus.groovy.runtime.callsite.CallSiteArray.defaultCallConstructor(CallSiteArray.java:57)
	at org.codehaus.groovy.runtime.callsite.AbstractCallSite.callConstructor(AbstractCallSite.java:182)
	at org.codehaus.groovy.runtime.callsite.AbstractCallSite.callConstructor(AbstractCallSite.java:190)
	at com.rackspace.search.elasticsearch.client.ElasticSearchClient.getDocument(ElasticSearchClient.groovy:212)
	at com.rackspace.search.elasticsearch.client.ElasticSearchClient$getDocument.call(Unknown Source)
	at org.codehaus.groovy.runtime.callsite.CallSiteArray.defaultCall(CallSiteArray.java:45)
	at org.codehaus.groovy.runtime.callsite.AbstractCallSite.call(AbstractCallSite.java:108)
	at org.codehaus.groovy.runtime.callsite.AbstractCallSite.call(AbstractCallSite.java:124)
	at com.rackspace.search.service.JobService.getJob(JobService.groovy:56)
	at com.rackspace.search.service.JobService$getJob$0.callCurrent(Unknown Source)
	at org.codehaus.groovy.runtime.callsite.CallSiteArray.defaultCallCurrent(CallSiteArray.java:49)
	at org.codehaus.groovy.runtime.callsite.AbstractCallSite.callCurrent(AbstractCallSite.java:133)
	at org.codehaus.groovy.runtime.callsite.AbstractCallSite.callCurrent(AbstractCallSite.java:141)
	at com.rackspace.search.service.JobService.getJob(JobService.groovy:52)
	at com.rackspace.search.service.JobService$getJob.call(Unknown Source)
	at org.codehaus.groovy.runtime.callsite.CallSiteArray.defaultCall(CallSiteArray.java:45)
	at org.codehaus.groovy.runtime.callsite.AbstractCallSite.call(AbstractCallSite.java:108)
	at org.codehaus.groovy.runtime.callsite.AbstractCallSite.call(AbstractCallSite.java:116)
	at com.rackspace.search.service.core.CoreTicketOngoingSyncJob.setupJob(CoreTicketOnGoingSyncJob.groovy:90)
	at sun.reflect.NativeMethodAccessorImpl.invoke0(Native Method)
	at sun.reflect.NativeMethodAccessorImpl.invoke(NativeMethodAccessorImpl.java:39)
	at sun.reflect.DelegatingMethodAccessorImpl.invoke(DelegatingMethodAccessorImpl.java:25)
	at java.lang.reflect.Method.invoke(Method.java:597)
	at org.codehaus.groovy.reflection.CachedMethod.invoke(CachedMethod.java:90)
	at groovy.lang.MetaMethod.doMethodInvoke(MetaMethod.java:233)
	at groovy.lang.MetaClassImpl.invokeMethod(MetaClassImpl.java:1085)
	at org.codehaus.groovy.runtime.ScriptBytecodeAdapter.invokeMethodOnCurrentN(ScriptBytecodeAdapter.java:78)
	at com.rackspace.search.service.core.CoreTicketOngoingSyncJob.this$dist$invoke$1(CoreTicketOnGoingSyncJob.groovy)
	at com.rackspace.search.service.core.CoreTicketOngoingSyncJob$1.methodMissing(CoreTicketOnGoingSyncJob.groovy)
	at sun.reflect.NativeMethodAccessorImpl.invoke0(Native Method)
	at sun.reflect.NativeMethodAccessorImpl.invoke(NativeMethodAccessorImpl.java:39)
	at sun.reflect.DelegatingMethodAccessorImpl.invoke(DelegatingMethodAccessorImpl.java:25)
	at java.lang.reflect.Method.invoke(Method.java:597)
	at org.codehaus.groovy.reflection.CachedMethod.invoke(CachedMethod.java:90)
	at groovy.lang.MetaClassImpl.invokeMissingMethod(MetaClassImpl.java:837)
	at groovy.lang.MetaClassImpl.invokePropertyOrMissing(MetaClassImpl.java:1134)
	at groovy.lang.MetaClassImpl.invokeMethod(MetaClassImpl.java:1087)
	at groovy.lang.MetaClassImpl.invokeMethod(MetaClassImpl.java:909)
	at org.codehaus.groovy.runtime.callsite.PogoMetaClassSite.callCurrent(PogoMetaClassSite.java:66)
	at org.codehaus.groovy.runtime.callsite.CallSiteArray.defaultCallCurrent(CallSiteArray.java:49)
	at org.codehaus.groovy.runtime.callsite.AbstractCallSite.callCurrent(AbstractCallSite.java:133)
	at org.codehaus.groovy.runtime.callsite.AbstractCallSite.callCurrent(AbstractCallSite.java:137)
	at com.rackspace.search.service.core.CoreTicketOngoingSyncJob$1.run(CoreTicketOnGoingSyncJob.groovy:72)
	at java.util.TimerThread.mainLoop(Timer.java:512)
	at java.util.TimerThread.run(Timer.java:462)
Nov 11, 2013 2:59:18 PM com.sun.jersey.spi.spring.container.servlet.SpringServlet getContext
INFO: Using default applicationContext
Nov 11, 2013 2:59:18 PM com.sun.jersey.spi.spring.container.SpringComponentProviderFactory registerSpringBeans
INFO: Registering Spring bean, searchResource, of type com.rackspace.search.endpoint.SearchResource as a root resource class
Nov 11, 2013 2:59:18 PM com.sun.jersey.spi.spring.container.SpringComponentProviderFactory registerSpringBeans
INFO: Registering Spring bean, syncRequestResource, of type com.rackspace.search.endpoint.SyncRequestResource as a root resource class
Nov 11, 2013 2:59:18 PM com.sun.jersey.spi.spring.container.SpringComponentProviderFactory registerSpringBeans
INFO: Registering Spring bean, notFoundExceptionMapper, of type com.rackspace.search.endpoint.fault.mapper.NotFoundExceptionMapper as a provider class
Nov 11, 2013 2:59:18 PM com.sun.jersey.spi.spring.container.SpringComponentProviderFactory registerSpringBeans
INFO: Registering Spring bean, badRequestExceptionMapper, of type com.rackspace.search.endpoint.fault.mapper.BadRequestExceptionMapper as a provider class
Nov 11, 2013 2:59:18 PM com.sun.jersey.spi.spring.container.SpringComponentProviderFactory registerSpringBeans
INFO: Registering Spring bean, staticResource, of type com.rackspace.search.endpoint.StaticResource as a root resource class
Nov 11, 2013 2:59:18 PM com.sun.jersey.spi.spring.container.SpringComponentProviderFactory registerSpringBeans
INFO: Registering Spring bean, jobResource, of type com.rackspace.search.endpoint.JobResource as a root resource class
Nov 11, 2013 2:59:18 PM com.sun.jersey.server.impl.application.WebApplicationImpl _initiate
INFO: Initiating Jersey application, version 'Jersey: 1.9 09/02/2011 11:17 AM'
Nov 11, 2013 2:59:19 PM com.sun.jersey.spi.inject.Errors processErrorMessages
WARNING: The following warnings have been detected with resource and/or provider classes:
  WARNING: A sub-resource method, public javax.ws.rs.core.Response com.rackspace.search.endpoint.SearchResource.getTickets(javax.ws.rs.core.UriInfo,int,int) throws java.lang.Exception, with URI template, "/", is treated as a resource method
  WARNING: A sub-resource method, public javax.ws.rs.core.Response com.rackspace.search.endpoint.SearchResource.getTickets(java.lang.String,javax.ws.rs.core.UriInfo,int,int) throws java.lang.Exception, with URI template, "/", is treated as a resource method
  WARNING: A sub-resource method, public javax.ws.rs.core.Response com.rackspace.search.endpoint.StaticResource.getServiceProfile() throws java.lang.Exception, with URI template, "/", is treated as a resource method
2013-11-11 14:59:19.823:INFO::Started SelectChannelConnector@0.0.0.0:9296
[INFO] Started Jetty Server
[INFO] [INFO] Stopping server 0

[INFO] [8mha:AAAAYB+LCAAAAAAAAABb85aBtbiIQSmjNKU4P0+vJLE4u1gvPjexLDVPzxdEGvvmZ+X75ZekLlOVfvTjc8FPJgaGiiIGKaiG5Py84vycVD1nCA1SyAABjCCFBQCV27OjYAAAAA==[0m--- jetty-maven-plugin:7.1.5.v20100705:stop (stop-jetty) @ search ---
[INFO] ------------------------------------------------------------------------
[INFO] Reactor Summary:
[INFO] 
[INFO] Search POM ........................................ SUCCESS [2.617s]
[INFO] search ............................................ SUCCESS [1:22.757s]
[INFO] cucumber .......................................... SUCCESS [1:08.075s]
[INFO] ------------------------------------------------------------------------
[INFO] BUILD SUCCESS
[INFO] ------------------------------------------------------------------------
[INFO] Total time: 2:34.258s
[INFO] Finished at: Mon Nov 11 15:00:28 UTC 2013
[INFO] Final Memory: 121M/1137M
[INFO] ------------------------------------------------------------------------
2013-11-11 15:00:29.509:INFO:/:Closing Spring root WebApplicationContext
Nov 11, 2013 3:00:29 PM com.mchange.v2.resourcepool.BasicResourcePool prelimCheckoutResource
INFO: com.mchange.v2.resourcepool.BasicResourcePool@50f09af6 -- an attempt to checkout a resource was interrupted, because the pool is now closed. [Thread: Timer-20]
Exception in thread "Timer-20" com.rackspace.search.exception.NotFoundException: Index is missing
	at sun.reflect.NativeConstructorAccessorImpl.newInstance0(Native Method)
	at sun.reflect.NativeConstructorAccessorImpl.newInstance(NativeConstructorAccessorImpl.java:39)
	at sun.reflect.DelegatingConstructorAccessorImpl.newInstance(DelegatingConstructorAccessorImpl.java:27)
	at java.lang.reflect.Constructor.newInstance(Constructor.java:513)
	at org.codehaus.groovy.reflection.CachedConstructor.invoke(CachedConstructor.java:77)
	at org.codehaus.groovy.runtime.callsite.ConstructorSite$ConstructorSiteNoUnwrapNoCoerce.callConstructor(ConstructorSite.java:102)
	at org.codehaus.groovy.runtime.callsite.CallSiteArray.defaultCallConstructor(CallSiteArray.java:57)
	at org.codehaus.groovy.runtime.callsite.AbstractCallSite.callConstructor(AbstractCallSite.java:182)
	at org.codehaus.groovy.runtime.callsite.AbstractCallSite.callConstructor(AbstractCallSite.java:190)
	at com.rackspace.search.elasticsearch.client.ElasticSearchClient.getDocument(ElasticSearchClient.groovy:212)
	at com.rackspace.search.elasticsearch.client.ElasticSearchClient$getDocument.call(Unknown Source)
	at com.rackspace.search.service.JobService.getJob(JobService.groovy:56)
	at com.rackspace.search.service.JobService$getJob$0.callCurrent(Unknown Source)
	at com.rackspace.search.service.JobService.getJob(JobService.groovy:52)
	at com.rackspace.search.service.JobService.reportJobError(JobService.groovy:251)
	at com.rackspace.search.service.JobService$reportJobError.call(Unknown Source)
	at com.rackspace.search.service.core.CoreTicketOnetimeSyncJob.syncTickets(CoreTicketOneTimeSyncJob.groovy:118)
	at com.rackspace.search.service.core.CoreTicketOnetimeSyncJob.this$2$syncTickets(CoreTicketOneTimeSyncJob.groovy)
	at sun.reflect.NativeMethodAccessorImpl.invoke0(Native Method)
	at sun.reflect.NativeMethodAccessorImpl.invoke(NativeMethodAccessorImpl.java:39)
	at sun.reflect.DelegatingMethodAccessorImpl.invoke(DelegatingMethodAccessorImpl.java:25)
	at java.lang.reflect.Method.invoke(Method.java:597)
	at org.codehaus.groovy.reflection.CachedMethod.invoke(CachedMethod.java:90)
	at groovy.lang.MetaMethod.doMethodInvoke(MetaMethod.java:233)
	at groovy.lang.MetaClassImpl.invokeMethod(MetaClassImpl.java:1085)
	at org.codehaus.groovy.runtime.ScriptBytecodeAdapter.invokeMethodOnCurrentN(ScriptBytecodeAdapter.java:78)
	at com.rackspace.search.service.core.CoreTicketOnetimeSyncJob.this$dist$invoke$1(CoreTicketOneTimeSyncJob.groovy)
	at com.rackspace.search.service.core.CoreTicketOnetimeSyncJob$1.methodMissing(CoreTicketOneTimeSyncJob.groovy)
	at sun.reflect.NativeMethodAccessorImpl.invoke0(Native Method)
	at sun.reflect.NativeMethodAccessorImpl.invoke(NativeMethodAccessorImpl.java:39)
	at sun.reflect.DelegatingMethodAccessorImpl.invoke(DelegatingMethodAccessorImpl.java:25)
	at java.lang.reflect.Method.invoke(Method.java:597)
	at org.codehaus.groovy.reflection.CachedMethod.invoke(CachedMethod.java:90)
	at groovy.lang.MetaClassImpl.invokeMissingMethod(MetaClassImpl.java:837)
	at groovy.lang.MetaClassImpl.invokePropertyOrMissing(MetaClassImpl.java:1134)
	at groovy.lang.MetaClassImpl.invokeMethod(MetaClassImpl.java:1087)
	at groovy.lang.MetaClassImpl.invokeMethod(MetaClassImpl.java:909)
	at org.codehaus.groovy.runtime.callsite.PogoMetaClassSite.callCurrent(PogoMetaClassSite.java:66)
	at org.codehaus.groovy.runtime.callsite.CallSiteArray.defaultCallCurrent(CallSiteArray.java:49)
	at org.codehaus.groovy.runtime.callsite.AbstractCallSite.callCurrent(AbstractCallSite.java:133)
	at org.codehaus.groovy.runtime.callsite.AbstractCallSite.callCurrent(AbstractCallSite.java:145)
	at com.rackspace.search.service.core.CoreTicketOnetimeSyncJob$1.run(CoreTicketOneTimeSyncJob.groovy:95)
	at java.util.TimerThread.mainLoop(Timer.java:512)
	at java.util.TimerThread.run(Timer.java:462)
2013-11-11 15:00:29.807:INFO:oejsl.ELContextCleaner:javax.el.BeanELResolver purged
2013-11-11 15:00:29.807:INFO:oejsh.ContextHandler:stopped o.m.j.p.JettyWebAppContext{/,file:/var/lib/jenkins/jobs/TSearchFunctionalTests/workspace/cucumber/target/tmp/webapp/},/var/lib/jenkins/jobs/TSearchFunctionalTests/workspace/cucumber/target/war/search.war
[JENKINS] Archiving /var/lib/jenkins/jobs/TSearchFunctionalTests/workspace/cucumber/pom.xml to /var/lib/jenkins/jobs/TSearchFunctionalTests/modules/com.rackspace.api$cucumber/builds/2013-11-11_14-57-48/archive/com.rackspace.api/cucumber/0.1.0_b205-SNAPSHOT/cucumber-0.1.0_b205-SNAPSHOT.pom
[JENKINS] Archiving /var/lib/jenkins/jobs/TSearchFunctionalTests/workspace/cucumber/target/cucumber-0.1.0_b205-SNAPSHOT.jar to /var/lib/jenkins/jobs/TSearchFunctionalTests/modules/com.rackspace.api$cucumber/builds/2013-11-11_14-57-48/archive/com.rackspace.api/cucumber/0.1.0_b205-SNAPSHOT/cucumber-0.1.0_b205-SNAPSHOT.jar
[JENKINS] Archiving /var/lib/jenkins/jobs/TSearchFunctionalTests/workspace/pom.xml to /var/lib/jenkins/jobs/TSearchFunctionalTests/modules/com.rackspace.api$search-pom/builds/2013-11-11_14-57-48/archive/com.rackspace.api/search-pom/0.1.0_b205-SNAPSHOT/search-pom-0.1.0_b205-SNAPSHOT.pom
[JENKINS] Archiving /var/lib/jenkins/jobs/TSearchFunctionalTests/workspace/service/pom.xml to /var/lib/jenkins/jobs/TSearchFunctionalTests/modules/com.rackspace.api$search/builds/2013-11-11_14-57-48/archive/com.rackspace.api/search/0.1.0_b205-SNAPSHOT/search-0.1.0_b205-SNAPSHOT.pom
[JENKINS] Archiving /var/lib/jenkins/jobs/TSearchFunctionalTests/workspace/service/target/search-0.1.0_b205-SNAPSHOT.war to /var/lib/jenkins/jobs/TSearchFunctionalTests/modules/com.rackspace.api$search/builds/2013-11-11_14-57-48/archive/com.rackspace.api/search/0.1.0_b205-SNAPSHOT/search-0.1.0_b205-SNAPSHOT.war
[JENKINS] Archiving /var/lib/jenkins/jobs/TSearchFunctionalTests/workspace/service/target/search-0.1.0_b205-SNAPSHOT-service.jar to /var/lib/jenkins/jobs/TSearchFunctionalTests/modules/com.rackspace.api$search/builds/2013-11-11_14-57-48/archive/com.rackspace.api/search/0.1.0_b205-SNAPSHOT/search-0.1.0_b205-SNAPSHOT-service.jar
[JENKINS] Archiving /var/lib/jenkins/jobs/TSearchFunctionalTests/workspace/service/target/search-0.1.0_b205-SNAPSHOT-config.zip to /var/lib/jenkins/jobs/TSearchFunctionalTests/modules/com.rackspace.api$search/builds/2013-11-11_14-57-48/archive/com.rackspace.api/search/0.1.0_b205-SNAPSHOT/search-0.1.0_b205-SNAPSHOT-config.zip
Waiting for Jenkins to finish collecting data
