<testsuite errors="0" failures="0" name="" skips="0" tests="27" time="517.171797037"><testcase classname="TestFetchExistingCoreTickets" name="test_load_existing_tickets_to_ticket_search" result="PASSED" /><testcase classname="TestCoreOngoingSync" name="test_ticket_updated_in_core_reflects_in_one_minute_in_tqsearch" result="PASSED" /><testcase classname="TestListTickets" name="test_get_specific_ticket_and_verify_it_exists_in_the_list" result="PASSED" /><testcase classname="TestListTickets" name="test_list_tickets_by_date_range_in_query_params_with_not_eql_op" result="PASSED" /><testcase classname="TestPagination" name="test_default_sorting_order_is_ascending" result="PASSED" /><testcase classname="TestFetchExistingCoreTickets" name="test_all_the_dates_are_converted_to_UTC_format" result="PASSED" /><testcase classname="TestListTickets" name="test_list_tickets_query_params_with_single_value_and_not_eql_op" result="PASSED" /><testcase classname="TestPagination" name="test_descending_sorting_order_when_fetching_the_tickets" result="PASSED" /><testcase classname="TestListTickets" name="test_list_tickets_by_multiple_values_for_equal_operator" result="PASSED" /><testcase classname="TestFetchExistingCoreTickets" name="test_content_type_of_response" result="PASSED" /><testcase classname="TestListTickets" name="test_list_tickets_eql_and_noteql_op_multiple_vals_in_query_parms" result="PASSED" /><testcase classname="TestPagination" name="test_first_link_of_pagination_during_list_ticket" result="PASSED" /><testcase classname="TestCoreOngoingSync" name="test_updating_queue_in_core_marks_ticket_as_updated_in_tq_search" result="PASSED" /><testcase classname="TestPagination" name="test_ascending_sorting_order_when_fetching_the_tickets" result="PASSED" /><testcase classname="TestListTickets" name="test_list_tickets_by_date_range_in_query_params_with_eql_op" result="PASSED" /><testcase classname="TestPagination" name="test_last_link_of_pagination_during_list_ticket" result="PASSED" /><testcase classname="TestListTickets" name="test_list_tickets_query_params_with_single_value_and_eql_op" result="PASSED" /><testcase classname="TestListTickets" name="test_list_tickets_eql_and_not_eql_op_single_val_in_query_params" result="PASSED" /><testcase classname="TestCoreOngoingSync" name="test_ticket_created_in_core_reflects_in_one_minute_in_tqsearch" result="PASSED" /><testcase classname="TestListTickets" name="test_list_tickets_by_single_value_for_equal_operator" result="PASSED" /><testcase classname="TestPagination" name="test_next_previous_link_of_pagination_during_list_tickets" result="PASSED" /><testcase classname="TestCoreOngoingSync" name="test_updating_status_in_core_marks_ticket_as_updated_in_search" result="PASSED" /><testcase classname="TestListTickets" name="test_list_tickets_query_params_with_multiple_vals_and_not_eql_op" result="PASSED" /><testcase classname="TestHealthCheck" name="test_info_check_after_installation" result="PASSED" /><testcase classname="TestCoreOngoingSync" name="test_updating_priority_in_core_marks_ticket_as_updated_in_search" result="PASSED" /><testcase classname="TestHealthCheck" name="test_health_check_after_installation" result="PASSED" /><testcase classname="TestListTickets" name="test_get_specific_ticket_using_query_parameters" result="PASSED" /></testsuite>