Started by user [8mha:AAAAlh+LCAAAAAAAAABb85aBtbiIQTGjNKU4P08vOT+vOD8nVc83PyU1x6OyILUoJzMv2y+/JJUBAhiZGBgqihhk0NSjKDWzXb3RdlLBUSYGJk8GtpzUvPSSDB8G5tKinBIGIZ+sxLJE/ZzEvHT94JKizLx0a6BxUmjGOUNodHsLgAzOEgYu/dLi1CL9vNKcHACFIKlWvwAAAA==[0manonymous
Building in workspace /var/lib/jenkins/jobs/CloudCafeTest/workspace
Checkout:workspace / /var/lib/jenkins/jobs/CloudCafeTest/workspace - hudson.remoting.LocalChannel@6788af79
Using strategy: Default
Last Built Revision: Revision f06f5682a1a34bc5df0e159db85005270d02163c (remotes/origin/new_regression_run)
Fetching changes from 1 remote Git repository
Fetching upstream changes from origin
Commencing build of Revision f06f5682a1a34bc5df0e159db85005270d02163c (remotes/origin/new_regression_run)
Checking out Revision f06f5682a1a34bc5df0e159db85005270d02163c (remotes/origin/new_regression_run)
[workspace] $ /bin/bash /tmp/hudson7988719639557340810.sh
**> virtualenv exists
test_health_check_after_installation (testrepo.tq_search.test_health_check.TestHealthCheck)
B-41831::Testing the health after deployment ... ok
test_info_check_after_installation (testrepo.tq_search.test_health_check.TestHealthCheck)
B-41831::Testing the info after deployment ... ok
test_ticket_created_in_core_reflects_in_one_minute_in_tqsearch (testrepo.tq_search.core_ongoing_sync.test_core_ongoing_sync.TestCoreOngoingSync) ... ok
test_ticket_updated_in_core_reflects_in_one_minute_in_tqsearch (testrepo.tq_search.core_ongoing_sync.test_core_ongoing_sync.TestCoreOngoingSync) ... ok
test_updating_priority_in_core_marks_ticket_as_updated_in_search (testrepo.tq_search.core_ongoing_sync.test_core_ongoing_sync.TestCoreOngoingSync) ... ok
test_updating_queue_in_core_marks_ticket_as_updated_in_tq_search (testrepo.tq_search.core_ongoing_sync.test_core_ongoing_sync.TestCoreOngoingSync) ... ok
test_updating_status_in_core_marks_ticket_as_updated_in_search (testrepo.tq_search.core_ongoing_sync.test_core_ongoing_sync.TestCoreOngoingSync) ... ok
test_ascending_sorting_order_when_fetching_the_tickets (testrepo.tq_search.search_existing_ticket.test_pagination.TestPagination) ... ok
test_default_sorting_order_is_ascending (testrepo.tq_search.search_existing_ticket.test_pagination.TestPagination) ... ok
test_descending_sorting_order_when_fetching_the_tickets (testrepo.tq_search.search_existing_ticket.test_pagination.TestPagination) ... ok
test_first_link_of_pagination_during_list_ticket (testrepo.tq_search.search_existing_ticket.test_pagination.TestPagination) ... ok
test_last_link_of_pagination_during_list_ticket (testrepo.tq_search.search_existing_ticket.test_pagination.TestPagination) ... ok
test_next_previous_link_of_pagination_during_list_tickets (testrepo.tq_search.search_existing_ticket.test_pagination.TestPagination) ... ok
test_all_the_dates_are_converted_to_UTC_format (testrepo.tq_search.search_existing_ticket.test_fetch_existing_core_tickets.TestFetchExistingCoreTickets) ... ok
test_content_type_of_response (testrepo.tq_search.search_existing_ticket.test_fetch_existing_core_tickets.TestFetchExistingCoreTickets) ... ok
test_load_existing_tickets_to_ticket_search (testrepo.tq_search.search_existing_ticket.test_fetch_existing_core_tickets.TestFetchExistingCoreTickets) ... ok
test_list_tickets_and_verify_the_account_data (testrepo.tq_search.search_existing_ticket.test_account_information.TestAccountInformation) ... ok
test_same_number_of_accounts_in_account_svs_and_elastic_search (testrepo.tq_search.search_existing_ticket.test_account_information.TestAccountInformation) ... FAIL
test_update_ticket_attributes_and_verify_the_account_data (testrepo.tq_search.search_existing_ticket.test_account_information.TestAccountInformation) ... FAIL
test_get_specific_ticket_and_verify_it_exists_in_the_list (testrepo.tq_search.search_existing_ticket.test_list_tickets.TestListTickets) ... ok
test_get_specific_ticket_using_query_parameters (testrepo.tq_search.search_existing_ticket.test_list_tickets.TestListTickets) ... FAIL
test_list_tickets_by_date_range_in_query_params_with_eql_op (testrepo.tq_search.search_existing_ticket.test_list_tickets.TestListTickets) ... FAIL
test_list_tickets_by_date_range_in_query_params_with_not_eql_op (testrepo.tq_search.search_existing_ticket.test_list_tickets.TestListTickets) ... ok
test_list_tickets_by_multiple_values_for_equal_operator (testrepo.tq_search.search_existing_ticket.test_list_tickets.TestListTickets) ... FAIL
test_list_tickets_by_single_value_for_equal_operator (testrepo.tq_search.search_existing_ticket.test_list_tickets.TestListTickets) ... FAIL
test_list_tickets_eql_and_not_eql_op_single_val_in_query_params (testrepo.tq_search.search_existing_ticket.test_list_tickets.TestListTickets) ... FAIL
test_list_tickets_eql_and_noteql_op_multiple_vals_in_query_parms (testrepo.tq_search.search_existing_ticket.test_list_tickets.TestListTickets) ... FAIL
test_list_tickets_query_params_with_multiple_vals_and_not_eql_op (testrepo.tq_search.search_existing_ticket.test_list_tickets.TestListTickets) ... FAIL
test_list_tickets_query_params_with_single_value_and_eql_op (testrepo.tq_search.search_existing_ticket.test_list_tickets.TestListTickets) ... ok
test_list_tickets_query_params_with_single_value_and_not_eql_op (testrepo.tq_search.search_existing_ticket.test_list_tickets.TestListTickets) ... FAIL

======================================================================
FAIL: test_same_number_of_accounts_in_account_svs_and_elastic_search (testrepo.tq_search.search_existing_ticket.test_account_information.TestAccountInformation)
----------------------------------------------------------------------
Traceback (most recent call last):
  File "/var/lib/jenkins/jobs/CloudCafeTest/workspace/lib/testrepo/tq_search/search_existing_ticket/test_account_information.py", line 114, in test_same_number_of_accounts_in_account_svs_and_elastic_search
    search and account services")
AssertionError: '290823' != '348852' : The number of accounts are not same in elastic                           search and account services

======================================================================
FAIL: test_update_ticket_attributes_and_verify_the_account_data (testrepo.tq_search.search_existing_ticket.test_account_information.TestAccountInformation)
----------------------------------------------------------------------
Traceback (most recent call last):
  File "/var/lib/jenkins/jobs/CloudCafeTest/workspace/lib/testrepo/tq_search/search_existing_ticket/test_account_information.py", line 94, in test_update_ticket_attributes_and_verify_the_account_data
    get_account_info_from_acc_svs)
AssertionError: <AccountServices object> 
status = Active
name = Rebel Aliance
number = 829213
rcn = RCN-111-222-333
team = Team CS2
highProfile = False
updatedAt = None
type = MANAGED_HOSTING
 != <AccountServices object> 
status = Active
hybridNetworking = false
name = Rebel Aliance
region = US
team = Team UK M24
salesForceSubType = large_opportunity
number = 829213
slaType = PLATINUM
rcn = RCN-111-222-333
highProfile = False
accountManagerGeoLocation = UK
type = MANAGED_HOSTING
serverSupport = CORE_SERVICES_US


======================================================================
FAIL: test_get_specific_ticket_using_query_parameters (testrepo.tq_search.search_existing_ticket.test_list_tickets.TestListTickets)
----------------------------------------------------------------------
Traceback (most recent call last):
  File "/var/lib/jenkins/jobs/CloudCafeTest/workspace/lib/testrepo/tq_search/search_existing_ticket/test_list_tickets.py", line 383, in test_get_specific_ticket_using_query_parameters
    .format(tq_search_ticket.tickets[0], core_ticket))
AssertionError: <TicketDetails object> 
hasLinuxServers = False
number = 130312-01315
assignee = None
accountServiceLevel = Intensive
updatedAt = 2013-03-12T08:59:23.000+0000
statusTypes = [u'Alive', u'Awake', u'New']
createdAt = 2013-03-12T08:59:21.000+0000
subject = Problem allocating IP Block in Autonomous System: Rackspace UK
category = IP QC fail
priority = Normal
subCategory = IP QC fail
hasWindowsServers = False
status = New
difficulty = 1
link = {u'href': u'http://test.search.api.rackspace.com/tickets/130312-01315', u'rel': u'via'}
sourceSystem = CORE
accountTeamTerritoryCode = US
severityName = Standard
account = <AccountServices object> 
status = Active
name = Autohost-test11
number = 607647
highProfile = False
rcn = RCN-000-048-321
team = Team B M2
updatedAt = 2013-07-02T21:41:29.460+0000
type = MANAGED_HOSTING

lastPublicCommentDate = None
queue = <Queue object> 
name = Foundations Network Services
id = 471

updateEventDate = 2013-03-12T08:59:21.000+0000
 != <Core object> 
subject = Problem allocating IP Block in Autonomous System: Rackspace UK
has_linux_servers = False
number = 130312-01315
difficulty = 1
 : Failed Expected:<TicketDetails object> 
hasLinuxServers = False
number = 130312-01315
assignee = None
accountServiceLevel = Intensive
updatedAt = 2013-03-12T08:59:23.000+0000
statusTypes = [u'Awake', u'New', u'Alive']
createdAt = 2013-03-12T08:59:21.000+0000
subject = Problem allocating IP Block in Autonomous System: Rackspace UK
category = IP QC fail
priority = Normal
subCategory = IP QC fail
hasWindowsServers = False
status = New
difficulty = 1
link = {u'href': u'http://test.search.api.rackspace.com/tickets/130312-01315', u'rel': u'via'}
sourceSystem = CORE
accountTeamTerritoryCode = US
severityName = Standard
account = <AccountServices object> 
status = Active
name = Autohost-test11
number = 607647
highProfile = False
rcn = RCN-000-048-321
team = Team B M2
updatedAt = 2013-07-02T21:41:29.460+0000
type = MANAGED_HOSTING

lastPublicCommentDate = None
queue = <Queue object> 
name = Foundations Network Services
id = 471

updateEventDate = 2013-03-12T08:59:21.000+0000
 Actual:<Core object> 
severity.name = Standard
status.name = New
account.service_level_name = Intensive
subcategory.name = IP QC fail
subject = Problem allocating IP Block in Autonomous System: Rackspace UK
account.support_team.support_territory.code = EMEA
queue.name = Foundations Network Services
status.types.name = [u'Awake', u'New', u'Alive']
account.number = 607647
category.name = IP QC fail
assignee.employee_userid = None
queue.id = 471
has_linux_servers = False
has_windows_servers = False
assignee.name = None
number = 130312-01315
difficulty = 1
last_public_response_date = None
priority.name = Normal
created = 2013-03-12 03:59:21
modified = 2013-03-12 03:59:23


======================================================================
FAIL: test_list_tickets_by_date_range_in_query_params_with_eql_op (testrepo.tq_search.search_existing_ticket.test_list_tickets.TestListTickets)
----------------------------------------------------------------------
Traceback (most recent call last):
  File "/var/lib/jenkins/jobs/CloudCafeTest/workspace/lib/testrepo/tq_search/search_existing_ticket/test_list_tickets.py", line 302, in test_list_tickets_by_date_range_in_query_params_with_eql_op
    len(results.tickets)))
AssertionError: False is not True : The length of two lists does not match. 1 != 2

======================================================================
FAIL: test_list_tickets_by_multiple_values_for_equal_operator (testrepo.tq_search.search_existing_ticket.test_list_tickets.TestListTickets)
----------------------------------------------------------------------
Traceback (most recent call last):
  File "/var/lib/jenkins/jobs/CloudCafeTest/workspace/lib/testrepo/tq_search/search_existing_ticket/test_list_tickets.py", line 80, in test_list_tickets_by_multiple_values_for_equal_operator
    len(results.tickets)))
AssertionError: False is not True : The length of two lists does not match. 4 != 5

======================================================================
FAIL: test_list_tickets_by_single_value_for_equal_operator (testrepo.tq_search.search_existing_ticket.test_list_tickets.TestListTickets)
----------------------------------------------------------------------
Traceback (most recent call last):
  File "/var/lib/jenkins/jobs/CloudCafeTest/workspace/lib/testrepo/tq_search/search_existing_ticket/test_list_tickets.py", line 54, in test_list_tickets_by_single_value_for_equal_operator
    format(results.tickets[i].number) + str(i))
AssertionError: <TicketDetails object> 
hasLinuxServers = False
number = 130312-01315
assignee = None
accountServiceLevel = Intensive
updatedAt = 2013-03-12T08:59:23.000+0000
statusTypes = [u'Alive', u'Awake', u'New']
createdAt = 2013-03-12T08:59:21.000+0000
subject = Problem allocating IP Block in Autonomous System: Rackspace UK
category = IP QC fail
priority = Normal
subCategory = IP QC fail
hasWindowsServers = False
status = New
difficulty = 1
link = {u'href': u'http://test.search.api.rackspace.com/tickets/130312-01315', u'rel': u'via'}
sourceSystem = CORE
accountTeamTerritoryCode = US
severityName = Standard
account = <AccountServices object> 
status = Active
name = Autohost-test11
number = 607647
highProfile = False
rcn = RCN-000-048-321
team = Team B M2
updatedAt = 2013-07-02T21:41:29.460+0000
type = MANAGED_HOSTING

lastPublicCommentDate = None
queue = <Queue object> 
name = Foundations Network Services
id = 471

updateEventDate = 2013-03-12T08:59:21.000+0000
 != <Core object> 
subject = Problem allocating IP Block in Autonomous System: Rackspace UK
has_linux_servers = False
number = 130312-01315
difficulty = 1
 : The data does not match for Ticket: 130312-013150

======================================================================
FAIL: test_list_tickets_eql_and_not_eql_op_single_val_in_query_params (testrepo.tq_search.search_existing_ticket.test_list_tickets.TestListTickets)
----------------------------------------------------------------------
Traceback (most recent call last):
  File "/var/lib/jenkins/jobs/CloudCafeTest/workspace/lib/testrepo/tq_search/search_existing_ticket/test_list_tickets.py", line 229, in test_list_tickets_eql_and_not_eql_op_single_val_in_query_params
    len(results.tickets)))
AssertionError: False is not True : The length of two lists does not match. 3 != 100

======================================================================
FAIL: test_list_tickets_eql_and_noteql_op_multiple_vals_in_query_parms (testrepo.tq_search.search_existing_ticket.test_list_tickets.TestListTickets)
----------------------------------------------------------------------
Traceback (most recent call last):
  File "/var/lib/jenkins/jobs/CloudCafeTest/workspace/lib/testrepo/tq_search/search_existing_ticket/test_list_tickets.py", line 271, in test_list_tickets_eql_and_noteql_op_multiple_vals_in_query_parms
    len(results.tickets)))
AssertionError: False is not True : The length of two lists does not match. 3 != 12

======================================================================
FAIL: test_list_tickets_query_params_with_multiple_vals_and_not_eql_op (testrepo.tq_search.search_existing_ticket.test_list_tickets.TestListTickets)
----------------------------------------------------------------------
Traceback (most recent call last):
  File "/var/lib/jenkins/jobs/CloudCafeTest/workspace/lib/testrepo/tq_search/search_existing_ticket/test_list_tickets.py", line 193, in test_list_tickets_query_params_with_multiple_vals_and_not_eql_op
    len(results.tickets)))
AssertionError: False is not True : The length of two lists does not match. 1 != 4

======================================================================
FAIL: test_list_tickets_query_params_with_single_value_and_not_eql_op (testrepo.tq_search.search_existing_ticket.test_list_tickets.TestListTickets)
----------------------------------------------------------------------
Traceback (most recent call last):
  File "/var/lib/jenkins/jobs/CloudCafeTest/workspace/lib/testrepo/tq_search/search_existing_ticket/test_list_tickets.py", line 153, in test_list_tickets_query_params_with_single_value_and_not_eql_op
    len(results.tickets)))
AssertionError: False is not True : The length of two lists does not match. 3 != 12

----------------------------------------------------------------------
Ran 30 tests in 667.566s

FAILED (failures=10)
======================================================================================================================================================
Log File Path: /var/lib/jenkins/jobs/CloudCafeTest/workspace/.cloudcafe/logs/tq_search/local.search.config/2013-07-24_16_38_35.462861
======================================================================================================================================================
290823
348852
Build step 'Execute shell' marked build as failure
Archiving artifacts
[htmlpublisher] Archiving HTML reports...
[htmlpublisher] Archiving at BUILD level /var/lib/jenkins/jobs/CloudCafeTest/workspace to /var/lib/jenkins/jobs/CloudCafeTest/builds/2013-07-24_16-38-34/htmlreports/HTML_Report
Finished: FAILURE
