<testsuite errors="6" failures="0" name="" skips="0" tests="30" time="1.53513288498"><testcase classname="setUpClass" name="TestHealthCheck" result="ERROR"><error message="invalid syntax" type="SyntaxError">Traceback (most recent call last):
  File "/var/lib/jenkins/jobs/CloudCafeTest/workspace/lib/testrepo/common/testfixtures/tq_search.py", line 70, in setUpClass
    cls.core_provider = _CoreAPIProvider(config=core_config)
  File "/var/lib/jenkins/jobs/CloudCafeTest/workspace/lib/ccengine/providers/core/core_api.py", line 36, in __init__
    self.config.misc.deserializer)
  File "/var/lib/jenkins/jobs/CloudCafeTest/workspace/lib/ccengine/clients/core/core_api.py", line 17, in __init__
    self.auth_token = eval(auth_token).get("authtoken")
  File "&lt;string&gt;", line 1
    &lt;!DOCTYPE HTML PUBLIC "-//IETF//DTD HTML 2.0//EN"&gt;
    ^
SyntaxError: invalid syntax
</error></testcase><testcase classname="setUpClass" name="TestCoreOngoingSync" result="ERROR"><error message="invalid syntax" type="SyntaxError">Traceback (most recent call last):
  File "/var/lib/jenkins/jobs/CloudCafeTest/workspace/lib/testrepo/tq_search/core_ongoing_sync/test_core_ongoing_sync.py", line 19, in setUpClass
    super(TestCoreOngoingSync, cls).setUpClass()
  File "/var/lib/jenkins/jobs/CloudCafeTest/workspace/lib/testrepo/common/testfixtures/tq_search.py", line 70, in setUpClass
    cls.core_provider = _CoreAPIProvider(config=core_config)
  File "/var/lib/jenkins/jobs/CloudCafeTest/workspace/lib/ccengine/providers/core/core_api.py", line 36, in __init__
    self.config.misc.deserializer)
  File "/var/lib/jenkins/jobs/CloudCafeTest/workspace/lib/ccengine/clients/core/core_api.py", line 17, in __init__
    self.auth_token = eval(auth_token).get("authtoken")
  File "&lt;string&gt;", line 1
    &lt;!DOCTYPE HTML PUBLIC "-//IETF//DTD HTML 2.0//EN"&gt;
    ^
SyntaxError: invalid syntax
</error></testcase><testcase classname="setUpClass" name="TestPagination" result="ERROR"><error message="invalid syntax" type="SyntaxError">Traceback (most recent call last):
  File "/var/lib/jenkins/jobs/CloudCafeTest/workspace/lib/testrepo/common/testfixtures/tq_search.py", line 70, in setUpClass
    cls.core_provider = _CoreAPIProvider(config=core_config)
  File "/var/lib/jenkins/jobs/CloudCafeTest/workspace/lib/ccengine/providers/core/core_api.py", line 36, in __init__
    self.config.misc.deserializer)
  File "/var/lib/jenkins/jobs/CloudCafeTest/workspace/lib/ccengine/clients/core/core_api.py", line 17, in __init__
    self.auth_token = eval(auth_token).get("authtoken")
  File "&lt;string&gt;", line 1
    &lt;!DOCTYPE HTML PUBLIC "-//IETF//DTD HTML 2.0//EN"&gt;
    ^
SyntaxError: invalid syntax
</error></testcase><testcase classname="setUpClass" name="TestFetchExistingCoreTickets" result="ERROR"><error message="invalid syntax" type="SyntaxError">Traceback (most recent call last):
  File "/var/lib/jenkins/jobs/CloudCafeTest/workspace/lib/testrepo/common/testfixtures/tq_search.py", line 70, in setUpClass
    cls.core_provider = _CoreAPIProvider(config=core_config)
  File "/var/lib/jenkins/jobs/CloudCafeTest/workspace/lib/ccengine/providers/core/core_api.py", line 36, in __init__
    self.config.misc.deserializer)
  File "/var/lib/jenkins/jobs/CloudCafeTest/workspace/lib/ccengine/clients/core/core_api.py", line 17, in __init__
    self.auth_token = eval(auth_token).get("authtoken")
  File "&lt;string&gt;", line 1
    &lt;!DOCTYPE HTML PUBLIC "-//IETF//DTD HTML 2.0//EN"&gt;
    ^
SyntaxError: invalid syntax
</error></testcase><testcase classname="setUpClass" name="TestAccountInformation" result="ERROR"><error message="invalid syntax" type="SyntaxError">Traceback (most recent call last):
  File "/var/lib/jenkins/jobs/CloudCafeTest/workspace/lib/testrepo/tq_search/search_existing_ticket/test_account_information.py", line 24, in setUpClass
    super(TestAccountInformation, cls).setUpClass()
  File "/var/lib/jenkins/jobs/CloudCafeTest/workspace/lib/testrepo/common/testfixtures/tq_search.py", line 70, in setUpClass
    cls.core_provider = _CoreAPIProvider(config=core_config)
  File "/var/lib/jenkins/jobs/CloudCafeTest/workspace/lib/ccengine/providers/core/core_api.py", line 36, in __init__
    self.config.misc.deserializer)
  File "/var/lib/jenkins/jobs/CloudCafeTest/workspace/lib/ccengine/clients/core/core_api.py", line 17, in __init__
    self.auth_token = eval(auth_token).get("authtoken")
  File "&lt;string&gt;", line 1
    &lt;!DOCTYPE HTML PUBLIC "-//IETF//DTD HTML 2.0//EN"&gt;
    ^
SyntaxError: invalid syntax
</error></testcase><testcase classname="setUpClass" name="TestListTickets" result="ERROR"><error message="invalid syntax" type="SyntaxError">Traceback (most recent call last):
  File "/var/lib/jenkins/jobs/CloudCafeTest/workspace/lib/testrepo/common/testfixtures/tq_search.py", line 70, in setUpClass
    cls.core_provider = _CoreAPIProvider(config=core_config)
  File "/var/lib/jenkins/jobs/CloudCafeTest/workspace/lib/ccengine/providers/core/core_api.py", line 36, in __init__
    self.config.misc.deserializer)
  File "/var/lib/jenkins/jobs/CloudCafeTest/workspace/lib/ccengine/clients/core/core_api.py", line 17, in __init__
    self.auth_token = eval(auth_token).get("authtoken")
  File "&lt;string&gt;", line 1
    &lt;!DOCTYPE HTML PUBLIC "-//IETF//DTD HTML 2.0//EN"&gt;
    ^
SyntaxError: invalid syntax
</error></testcase></testsuite>