<testsuite errors="0" failures="0" name="" skips="0" tests="5" time="28.6062049866"><testcase classname="TestPagination" name="test_incorrect_sorting_specified_raises_bad_request" result="PASSED" /><testcase classname="TestListTickets" name="test_incorrect_query_parameter_returns_bad_request_400" result="PASSED" /><testcase classname="TestListTickets" name="test_negative_value_of_limit_throws_bad_request_400" result="PASSED" /><testcase classname="TestListTickets" name="test_no_value_of_limit_returns_zero_tickets" result="PASSED" /><testcase classname="TestListTickets" name="test_incorrect_value_of_query_parameter_returns_no_ticket" result="PASSED" /></testsuite>