[INFO]                                                                         
[INFO] ------------------------------------------------------------------------
[INFO] Building search 0.1.0_b181-SNAPSHOT
[INFO] ------------------------------------------------------------------------
[INFO] 
[INFO] [8mha:AAAAYB+LCAAAAAAAAABb85aBtbiIQSmjNKU4P0+vJLE4u1gvPjexLDVPzxdEGvvmZ+X75ZekLlOVfvTjc8FPJgaGiiIGKaiG5Py84vycVD1nCA1SyAABjCCFBQCV27OjYAAAAA==[0m--- maven-clean-plugin:2.4.1:clean (default-clean) @ search ---
[INFO] 
[INFO] [8mha:AAAAYB+LCAAAAAAAAABb85aBtbiIQSmjNKU4P0+vJLE4u1gvPjexLDVPzxdEGvvmZ+X75ZekLlOVfvTjc8FPJgaGiiIGKaiG5Py84vycVD1nCA1SyAABjCCFBQCV27OjYAAAAA==[0m--- gmaven-plugin:1.0:execute (default) @ search ---
[INFO] 
[INFO] [8mha:AAAAYB+LCAAAAAAAAABb85aBtbiIQSmjNKU4P0+vJLE4u1gvPjexLDVPzxdEGvvmZ+X75ZekLlOVfvTjc8FPJgaGiiIGKaiG5Py84vycVD1nCA1SyAABjCCFBQCV27OjYAAAAA==[0m--- gmaven-plugin:1.4:generateStubs (buildGroovies) @ search ---
[INFO] Generated 92 Java stubs
[INFO] 
[INFO] [8mha:AAAAYB+LCAAAAAAAAABb85aBtbiIQSmjNKU4P0+vJLE4u1gvPjexLDVPzxdEGvvmZ+X75ZekLlOVfvTjc8FPJgaGiiIGKaiG5Py84vycVD1nCA1SyAABjCCFBQCV27OjYAAAAA==[0m--- maven-resources-plugin:2.6:copy-resources (copy-webapp) @ search ---
[INFO] Using 'UTF-8' encoding to copy filtered resources.
[INFO] Copying 5 resources
[INFO] 
[INFO] [8mha:AAAAYB+LCAAAAAAAAABb85aBtbiIQSmjNKU4P0+vJLE4u1gvPjexLDVPzxdEGvvmZ+X75ZekLlOVfvTjc8FPJgaGiiIGKaiG5Py84vycVD1nCA1SyAABjCCFBQCV27OjYAAAAA==[0m--- maven-antrun-plugin:1.3:run (default) @ search ---
[INFO] Executing tasks
    [unzip] Expanding: /var/lib/jenkins/jobs/TSearchFunctionalTests/workspace/service/src/main/webapp/_plugin/bigdesk.zip into /var/lib/jenkins/jobs/TSearchFunctionalTests/workspace/service/target/search-0.1.0_b181-SNAPSHOT/_plugin
    [unzip] Expanding: /var/lib/jenkins/jobs/TSearchFunctionalTests/workspace/service/src/main/webapp/_plugin/paramedic.zip into /var/lib/jenkins/jobs/TSearchFunctionalTests/workspace/service/target/search-0.1.0_b181-SNAPSHOT/_plugin
[INFO] Executed tasks
[INFO] 
[INFO] [8mha:AAAAYB+LCAAAAAAAAABb85aBtbiIQSmjNKU4P0+vJLE4u1gvPjexLDVPzxdEGvvmZ+X75ZekLlOVfvTjc8FPJgaGiiIGKaiG5Py84vycVD1nCA1SyAABjCCFBQCV27OjYAAAAA==[0m--- maven-resources-plugin:2.6:resources (default-resources) @ search ---
[INFO] Using 'UTF-8' encoding to copy filtered resources.
[INFO] Copying 8 resources
[INFO] Copying 1 resource to ../
[INFO] 
[INFO] [8mha:AAAAYB+LCAAAAAAAAABb85aBtbiIQSmjNKU4P0+vJLE4u1gvPjexLDVPzxdEGvvmZ+X75ZekLlOVfvTjc8FPJgaGiiIGKaiG5Py84vycVD1nCA1SyAABjCCFBQCV27OjYAAAAA==[0m--- maven-compiler-plugin:2.3.2:compile (default-compile) @ search ---
[INFO] Compiling 91 source files to /var/lib/jenkins/jobs/TSearchFunctionalTests/workspace/service/target/classes
[INFO] 
[INFO] [8mha:AAAAYB+LCAAAAAAAAABb85aBtbiIQSmjNKU4P0+vJLE4u1gvPjexLDVPzxdEGvvmZ+X75ZekLlOVfvTjc8FPJgaGiiIGKaiG5Py84vycVD1nCA1SyAABjCCFBQCV27OjYAAAAA==[0m--- gmaven-plugin:1.4:compile (buildGroovies) @ search ---
[INFO] Compiled 198 Groovy classes
[INFO] 
[INFO] [8mha:AAAAYB+LCAAAAAAAAABb85aBtbiIQSmjNKU4P0+vJLE4u1gvPjexLDVPzxdEGvvmZ+X75ZekLlOVfvTjc8FPJgaGiiIGKaiG5Py84vycVD1nCA1SyAABjCCFBQCV27OjYAAAAA==[0m--- gmaven-plugin:1.4:execute (filterResources) @ search ---
[INFO] 
[INFO] [8mha:AAAAYB+LCAAAAAAAAABb85aBtbiIQSmjNKU4P0+vJLE4u1gvPjexLDVPzxdEGvvmZ+X75ZekLlOVfvTjc8FPJgaGiiIGKaiG5Py84vycVD1nCA1SyAABjCCFBQCV27OjYAAAAA==[0m--- gmaven-plugin:1.4:generateTestStubs (buildGroovies) @ search ---
[INFO] Generated 45 Java stubs
[INFO] [INFO] Using 'UTF-8' encoding to copy filtered resources.
[INFO] Copying 6 resources

[INFO] [8mha:AAAAYB+LCAAAAAAAAABb85aBtbiIQSmjNKU4P0+vJLE4u1gvPjexLDVPzxdEGvvmZ+X75ZekLlOVfvTjc8FPJgaGiiIGKaiG5Py84vycVD1nCA1SyAABjCCFBQCV27OjYAAAAA==[0m--- maven-resources-plugin:2.6:testResources (default-testResources) @ search ---
[INFO] 
[INFO] [8mha:AAAAYB+LCAAAAAAAAABb85aBtbiIQSmjNKU4P0+vJLE4u1gvPjexLDVPzxdEGvvmZ+X75ZekLlOVfvTjc8FPJgaGiiIGKaiG5Py84vycVD1nCA1SyAABjCCFBQCV27OjYAAAAA==[0m--- maven-compiler-plugin:2.3.2:testCompile (default-testCompile) @ search ---
[INFO] Compiling 45 source files to /var/lib/jenkins/jobs/TSearchFunctionalTests/workspace/service/target/test-classes
[INFO] 
[INFO] [8mha:AAAAYB+LCAAAAAAAAABb85aBtbiIQSmjNKU4P0+vJLE4u1gvPjexLDVPzxdEGvvmZ+X75ZekLlOVfvTjc8FPJgaGiiIGKaiG5Py84vycVD1nCA1SyAABjCCFBQCV27OjYAAAAA==[0m--- gmaven-plugin:1.4:testCompile (buildGroovies) @ search ---
[INFO] Compiled 56 Groovy classes
[INFO] 
[INFO] [8mha:AAAAYB+LCAAAAAAAAABb85aBtbiIQSmjNKU4P0+vJLE4u1gvPjexLDVPzxdEGvvmZ+X75ZekLlOVfvTjc8FPJgaGiiIGKaiG5Py84vycVD1nCA1SyAABjCCFBQCV27OjYAAAAA==[0m--- maven-surefire-plugin:2.10:test (default-test) @ search ---
[INFO] Tests are skipped.
[INFO] 
[INFO] [8mha:AAAAYB+LCAAAAAAAAABb85aBtbiIQSmjNKU4P0+vJLE4u1gvPjexLDVPzxdEGvvmZ+X75ZekLlOVfvTjc8FPJgaGiiIGKaiG5Py84vycVD1nCA1SyAABjCCFBQCV27OjYAAAAA==[0m--- maven-war-plugin:2.3:war (default-war) @ search ---
[INFO] Packaging webapp
[INFO] Assembling webapp [search] in [/var/lib/jenkins/jobs/TSearchFunctionalTests/workspace/service/target/search-0.1.0_b181-SNAPSHOT]
[INFO] Processing war project
[INFO] Webapp assembled in [1806 msecs]
[INFO] Building war: /var/lib/jenkins/jobs/TSearchFunctionalTests/workspace/service/target/search-0.1.0_b181-SNAPSHOT.war
[INFO] 
[INFO] [8mha:AAAAYB+LCAAAAAAAAABb85aBtbiIQSmjNKU4P0+vJLE4u1gvPjexLDVPzxdEGvvmZ+X75ZekLlOVfvTjc8FPJgaGiiIGKaiG5Py84vycVD1nCA1SyAABjCCFBQCV27OjYAAAAA==[0m--- maven-assembly-plugin:2.2:single (make-assembly) @ search ---
[INFO] Reading assembly descriptor: /var/lib/jenkins/jobs/TSearchFunctionalTests/workspace/service/src/main/assembly/search.xml
[INFO] Reading assembly descriptor: /var/lib/jenkins/jobs/TSearchFunctionalTests/workspace/service/src/main/assembly/config.xml
[INFO] Building jar: /var/lib/jenkins/jobs/TSearchFunctionalTests/workspace/service/target/search-0.1.0_b181-SNAPSHOT-service.jar
[INFO] Building zip: /var/lib/jenkins/jobs/TSearchFunctionalTests/workspace/service/target/search-0.1.0_b181-SNAPSHOT-config.zip
[INFO] 
[INFO] [8mha:AAAAYB+LCAAAAAAAAABb85aBtbiIQSmjNKU4P0+vJLE4u1gvPjexLDVPzxdEGvvmZ+X75ZekLlOVfvTjc8FPJgaGiiIGKaiG5Py84vycVD1nCA1SyAABjCCFBQCV27OjYAAAAA==[0m--- gmaven-plugin:1.0:execute (default) @ search ---
Oct 4, 2013 6:18:54 PM hudson.maven.ExecutedMojo <init>
WARNING: Failed to getClass for org.mortbay.jetty.plugin.JettyDeployWar
[INFO] 
[INFO] [8mha:AAAAYB+LCAAAAAAAAABb85aBtbiIQSmjNKU4P0+vJLE4u1gvPjexLDVPzxdEGvvmZ+X75ZekLlOVfvTjc8FPJgaGiiIGKaiG5Py84vycVD1nCA1SyAABjCCFBQCV27OjYAAAAA==[0m--- jetty-maven-plugin:7.1.5.v20100705:deploy-war (start-jetty) @ search ---
[INFO] Configuring Jetty for project: search
[INFO] Context path = /
[INFO] Tmp directory = /var/lib/jenkins/jobs/TSearchFunctionalTests/workspace/service/target/tmp
[INFO] Web defaults = org/eclipse/jetty/webapp/webdefault.xml
[INFO] Web overrides =  none
[INFO] Starting jetty 7.1.5.v20100705 ...
2013-10-04 18:18:55.541:INFO::jetty-7.1.5.v20100705
2013-10-04 18:18:55.786:INFO::Extract jar:file:/var/lib/jenkins/jobs/TSearchFunctionalTests/workspace/service/target/search-0.1.0_b181-SNAPSHOT.war!/ to /var/lib/jenkins/jobs/TSearchFunctionalTests/workspace/service/target/search-0.1.0_b181-SNAPSHOT
2013-10-04 18:19:02.572:INFO::No Transaction manager found - if your webapp requires one, please configure one.
2013-10-04 18:19:04.988:WARN::Skipping PostConstruct annotation on com.sun.jersey.server.impl.ejb.EJBInjectionInterceptor.init: has parameters
2013-10-04 18:19:15.958:WARN::Skipping PostConstruct annotation on org.springframework.ejb.interceptor.SpringBeanAutowiringInterceptor.autowireBean: has parameters
2013-10-04 18:19:15.959:WARN::Skipping PreDestroy annotation on org.springframework.ejb.interceptor.SpringBeanAutowiringInterceptor.releaseBean: has parameters
18:19:51,894 |-INFO in ch.qos.logback.classic.LoggerContext[default] - Found resource [/var/lib/jenkins/jobs/TSearchFunctionalTests/workspace/service/target/test-classes/logback-jetty.xml] at [file:/var/lib/jenkins/jobs/TSearchFunctionalTests/workspace/service/target/test-classes/logback-jetty.xml]
18:19:53,756 |-INFO in ch.qos.logback.classic.joran.action.ConfigurationAction - debug attribute not set
18:19:53,758 |-INFO in ch.qos.logback.core.joran.action.AppenderAction - About to instantiate appender of type [ch.qos.logback.core.rolling.RollingFileAppender]
18:19:53,763 |-INFO in ch.qos.logback.core.joran.action.AppenderAction - Naming appender as [ROLLING]
18:19:53,824 |-INFO in c.q.l.core.rolling.TimeBasedRollingPolicy - Will use gz compression
18:19:53,825 |-INFO in c.q.l.core.rolling.TimeBasedRollingPolicy - Will use the pattern /var/lib/jenkins/jobs/TSearchFunctionalTests/workspace/service/target/logs/search-%d{yyyy-MM-dd_HH}.%i for the active file
18:19:54,222 |-INFO in ch.qos.logback.core.rolling.SizeAndTimeBasedFNATP@677dd166 - The date pattern is 'yyyy-MM-dd_HH' from file name pattern '/var/lib/jenkins/jobs/TSearchFunctionalTests/workspace/service/target/logs/search-%d{yyyy-MM-dd_HH}.%i.gz'.
18:19:54,223 |-INFO in ch.qos.logback.core.rolling.SizeAndTimeBasedFNATP@677dd166 - Roll-over at the top of every hour.
18:19:54,223 |-INFO in ch.qos.logback.core.rolling.SizeAndTimeBasedFNATP@677dd166 - Setting initial period to Fri Oct 04 18:19:54 UTC 2013
18:19:54,244 |-WARN in ch.qos.logback.core.rolling.RollingFileAppender[ROLLING] - This appender no longer admits a layout as a sub-component, set an encoder instead.
18:19:54,245 |-WARN in ch.qos.logback.core.rolling.RollingFileAppender[ROLLING] - To ensure compatibility, wrapping your layout in LayoutWrappingEncoder.
18:19:54,245 |-WARN in ch.qos.logback.core.rolling.RollingFileAppender[ROLLING] - See also http://logback.qos.ch/codes.html#layoutInsteadOfEncoder for details
18:19:54,245 |-INFO in ch.qos.logback.core.rolling.RollingFileAppender[ROLLING] - Active log file name: /var/lib/jenkins/jobs/TSearchFunctionalTests/workspace/service/target/logs/search.log
18:19:54,245 |-INFO in ch.qos.logback.core.rolling.RollingFileAppender[ROLLING] - File property is set to [/var/lib/jenkins/jobs/TSearchFunctionalTests/workspace/service/target/logs/search.log]
18:19:54,246 |-INFO in ch.qos.logback.core.joran.action.AppenderAction - About to instantiate appender of type [ch.qos.logback.core.rolling.RollingFileAppender]
18:19:54,247 |-INFO in ch.qos.logback.core.joran.action.AppenderAction - Naming appender as [RESPONSE_LOG]
18:19:54,249 |-INFO in c.q.l.core.rolling.TimeBasedRollingPolicy - Will use gz compression
18:19:54,249 |-INFO in c.q.l.core.rolling.TimeBasedRollingPolicy - Will use the pattern /var/lib/jenkins/jobs/TSearchFunctionalTests/workspace/service/target/logs/response-%d{yyyy-MM-dd_HH}.%i for the active file
18:19:54,250 |-INFO in ch.qos.logback.core.rolling.SizeAndTimeBasedFNATP@753eb49e - The date pattern is 'yyyy-MM-dd_HH' from file name pattern '/var/lib/jenkins/jobs/TSearchFunctionalTests/workspace/service/target/logs/response-%d{yyyy-MM-dd_HH}.%i.gz'.
18:19:54,250 |-INFO in ch.qos.logback.core.rolling.SizeAndTimeBasedFNATP@753eb49e - Roll-over at the top of every hour.
18:19:54,250 |-INFO in ch.qos.logback.core.rolling.SizeAndTimeBasedFNATP@753eb49e - Setting initial period to Fri Oct 04 18:19:54 UTC 2013
18:19:54,252 |-WARN in ch.qos.logback.core.rolling.RollingFileAppender[RESPONSE_LOG] - This appender no longer admits a layout as a sub-component, set an encoder instead.
18:19:54,252 |-WARN in ch.qos.logback.core.rolling.RollingFileAppender[RESPONSE_LOG] - To ensure compatibility, wrapping your layout in LayoutWrappingEncoder.
18:19:54,252 |-WARN in ch.qos.logback.core.rolling.RollingFileAppender[RESPONSE_LOG] - See also http://logback.qos.ch/codes.html#layoutInsteadOfEncoder for details
18:19:54,252 |-INFO in ch.qos.logback.core.rolling.RollingFileAppender[RESPONSE_LOG] - Active log file name: /var/lib/jenkins/jobs/TSearchFunctionalTests/workspace/service/target/logs/response.log
18:19:54,252 |-INFO in ch.qos.logback.core.rolling.RollingFileAppender[RESPONSE_LOG] - File property is set to [/var/lib/jenkins/jobs/TSearchFunctionalTests/workspace/service/target/logs/response.log]
18:19:54,252 |-INFO in ch.qos.logback.core.joran.action.AppenderAction - About to instantiate appender of type [ch.qos.logback.core.rolling.RollingFileAppender]
18:19:54,252 |-INFO in ch.qos.logback.core.joran.action.AppenderAction - Naming appender as [FAILURE_LOG]
18:19:54,255 |-INFO in c.q.l.core.rolling.TimeBasedRollingPolicy - Will use gz compression
18:19:54,255 |-INFO in c.q.l.core.rolling.TimeBasedRollingPolicy - Will use the pattern com.sun.aas.instanceRoot_IS_UNDEFINED/logs/failure-%d{yyyy-MM-dd}.%i for the active file
18:19:54,256 |-INFO in ch.qos.logback.core.rolling.SizeAndTimeBasedFNATP@67c42d34 - The date pattern is 'yyyy-MM-dd' from file name pattern 'com.sun.aas.instanceRoot_IS_UNDEFINED/logs/failure-%d{yyyy-MM-dd}.%i.gz'.
18:19:54,256 |-INFO in ch.qos.logback.core.rolling.SizeAndTimeBasedFNATP@67c42d34 - Roll-over at midnight.
18:19:54,256 |-INFO in ch.qos.logback.core.rolling.SizeAndTimeBasedFNATP@67c42d34 - Setting initial period to Fri Oct 04 18:19:54 UTC 2013
18:19:54,257 |-WARN in ch.qos.logback.core.rolling.RollingFileAppender[FAILURE_LOG] - This appender no longer admits a layout as a sub-component, set an encoder instead.
18:19:54,257 |-WARN in ch.qos.logback.core.rolling.RollingFileAppender[FAILURE_LOG] - To ensure compatibility, wrapping your layout in LayoutWrappingEncoder.
18:19:54,257 |-WARN in ch.qos.logback.core.rolling.RollingFileAppender[FAILURE_LOG] - See also http://logback.qos.ch/codes.html#layoutInsteadOfEncoder for details
18:19:54,257 |-INFO in ch.qos.logback.core.rolling.RollingFileAppender[FAILURE_LOG] - Active log file name: /var/lib/jenkins/jobs/TSearchFunctionalTests/workspace/service/target/logs/failure.log
18:19:54,257 |-INFO in ch.qos.logback.core.rolling.RollingFileAppender[FAILURE_LOG] - File property is set to [/var/lib/jenkins/jobs/TSearchFunctionalTests/workspace/service/target/logs/failure.log]
18:19:54,257 |-INFO in ch.qos.logback.core.joran.action.AppenderAction - About to instantiate appender of type [ch.qos.logback.core.rolling.RollingFileAppender]
18:19:54,257 |-INFO in ch.qos.logback.core.joran.action.AppenderAction - Naming appender as [ELASTICSEARCH_LOG]
18:19:54,260 |-INFO in c.q.l.core.rolling.TimeBasedRollingPolicy - Will use gz compression
18:19:54,260 |-INFO in c.q.l.core.rolling.TimeBasedRollingPolicy - Will use the pattern /var/lib/jenkins/jobs/TSearchFunctionalTests/workspace/service/target/logs/elasticsearch-%d{yyyy-MM-dd}.%i for the active file
18:19:54,261 |-INFO in ch.qos.logback.core.rolling.SizeAndTimeBasedFNATP@73e625 - The date pattern is 'yyyy-MM-dd' from file name pattern '/var/lib/jenkins/jobs/TSearchFunctionalTests/workspace/service/target/logs/elasticsearch-%d{yyyy-MM-dd}.%i.gz'.
18:19:54,261 |-INFO in ch.qos.logback.core.rolling.SizeAndTimeBasedFNATP@73e625 - Roll-over at midnight.
18:19:54,261 |-INFO in ch.qos.logback.core.rolling.SizeAndTimeBasedFNATP@73e625 - Setting initial period to Fri Oct 04 18:19:54 UTC 2013
18:19:54,262 |-WARN in ch.qos.logback.core.rolling.RollingFileAppender[ELASTICSEARCH_LOG] - This appender no longer admits a layout as a sub-component, set an encoder instead.
18:19:54,262 |-WARN in ch.qos.logback.core.rolling.RollingFileAppender[ELASTICSEARCH_LOG] - To ensure compatibility, wrapping your layout in LayoutWrappingEncoder.
18:19:54,262 |-WARN in ch.qos.logback.core.rolling.RollingFileAppender[ELASTICSEARCH_LOG] - See also http://logback.qos.ch/codes.html#layoutInsteadOfEncoder for details
18:19:54,262 |-INFO in ch.qos.logback.core.rolling.RollingFileAppender[ELASTICSEARCH_LOG] - Active log file name: /var/lib/jenkins/jobs/TSearchFunctionalTests/workspace/service/target/logs/elasticsearch.log
18:19:54,262 |-INFO in ch.qos.logback.core.rolling.RollingFileAppender[ELASTICSEARCH_LOG] - File property is set to [/var/lib/jenkins/jobs/TSearchFunctionalTests/workspace/service/target/logs/elasticsearch.log]
18:19:54,262 |-INFO in ch.qos.logback.core.joran.action.AppenderAction - About to instantiate appender of type [ch.qos.logback.core.rolling.RollingFileAppender]
18:19:54,262 |-INFO in ch.qos.logback.core.joran.action.AppenderAction - Naming appender as [CORE_TICKET_LATENCY_LOG]
18:19:54,265 |-INFO in c.q.l.core.rolling.TimeBasedRollingPolicy - Will use gz compression
18:19:54,265 |-INFO in c.q.l.core.rolling.TimeBasedRollingPolicy - Will use the pattern /var/lib/jenkins/jobs/TSearchFunctionalTests/workspace/service/target/logs/coreTicketLatency-%d{yyyy-MM-dd}.%i for the active file
18:19:54,266 |-INFO in ch.qos.logback.core.rolling.SizeAndTimeBasedFNATP@390a875e - The date pattern is 'yyyy-MM-dd' from file name pattern '/var/lib/jenkins/jobs/TSearchFunctionalTests/workspace/service/target/logs/coreTicketLatency-%d{yyyy-MM-dd}.%i.gz'.
18:19:54,266 |-INFO in ch.qos.logback.core.rolling.SizeAndTimeBasedFNATP@390a875e - Roll-over at midnight.
18:19:54,266 |-INFO in ch.qos.logback.core.rolling.SizeAndTimeBasedFNATP@390a875e - Setting initial period to Fri Oct 04 18:19:54 UTC 2013
18:19:54,267 |-WARN in ch.qos.logback.core.rolling.RollingFileAppender[CORE_TICKET_LATENCY_LOG] - This appender no longer admits a layout as a sub-component, set an encoder instead.
18:19:54,267 |-WARN in ch.qos.logback.core.rolling.RollingFileAppender[CORE_TICKET_LATENCY_LOG] - To ensure compatibility, wrapping your layout in LayoutWrappingEncoder.
18:19:54,267 |-WARN in ch.qos.logback.core.rolling.RollingFileAppender[CORE_TICKET_LATENCY_LOG] - See also http://logback.qos.ch/codes.html#layoutInsteadOfEncoder for details
18:19:54,267 |-INFO in ch.qos.logback.core.rolling.RollingFileAppender[CORE_TICKET_LATENCY_LOG] - Active log file name: /var/lib/jenkins/jobs/TSearchFunctionalTests/workspace/service/target/logs/coreTicketLatency.log
18:19:54,267 |-INFO in ch.qos.logback.core.rolling.RollingFileAppender[CORE_TICKET_LATENCY_LOG] - File property is set to [/var/lib/jenkins/jobs/TSearchFunctionalTests/workspace/service/target/logs/coreTicketLatency.log]
18:19:54,268 |-INFO in ch.qos.logback.classic.joran.action.LevelAction - com.rackspace.search level set to INFO
18:19:54,268 |-INFO in ch.qos.logback.classic.joran.action.LevelAction - ROOT level set to INFO
18:19:54,268 |-INFO in ch.qos.logback.core.joran.action.AppenderRefAction - Attaching appender named [ROLLING] to Logger[ROOT]
18:19:54,270 |-INFO in ch.qos.logback.core.joran.action.AppenderRefAction - Attaching appender named [RESPONSE_LOG] to Logger[ROOT]
18:19:54,270 |-INFO in ch.qos.logback.core.joran.action.AppenderRefAction - Attaching appender named [FAILURE_LOG] to Logger[ROOT]
18:19:54,270 |-INFO in ch.qos.logback.core.joran.action.AppenderRefAction - Attaching appender named [ELASTICSEARCH_LOG] to Logger[ROOT]
18:19:54,270 |-INFO in ch.qos.logback.core.joran.action.AppenderRefAction - Attaching appender named [CORE_TICKET_LATENCY_LOG] to Logger[ROOT]

2013-10-04 18:19:54.307:INFO:/:Initializing Spring root WebApplicationContext null null
Oct 4, 2013 6:20:20 PM com.mchange.v2.log.MLog <clinit>
INFO: MLog clients using java 1.4+ standard logging.
Oct 4, 2013 6:20:20 PM com.mchange.v2.c3p0.C3P0Registry banner
INFO: Initializing c3p0-0.9.1.2 [built 21-May-2007 15:04:56; debug? true; trace: 10]
Exception in thread "Timer-6" com.rackspace.search.exception.NotFoundException: Index is missing
	at sun.reflect.NativeConstructorAccessorImpl.newInstance0(Native Method)
	at sun.reflect.NativeConstructorAccessorImpl.newInstance(NativeConstructorAccessorImpl.java:39)
	at sun.reflect.DelegatingConstructorAccessorImpl.newInstance(DelegatingConstructorAccessorImpl.java:27)
	at java.lang.reflect.Constructor.newInstance(Constructor.java:513)
	at org.codehaus.groovy.reflection.CachedConstructor.invoke(CachedConstructor.java:77)
	at org.codehaus.groovy.runtime.callsite.ConstructorSite$ConstructorSiteNoUnwrapNoCoerce.callConstructor(ConstructorSite.java:102)
	at org.codehaus.groovy.runtime.callsite.CallSiteArray.defaultCallConstructor(CallSiteArray.java:57)
	at org.codehaus.groovy.runtime.callsite.AbstractCallSite.callConstructor(AbstractCallSite.java:182)
	at org.codehaus.groovy.runtime.callsite.AbstractCallSite.callConstructor(AbstractCallSite.java:190)
	at com.rackspace.search.elasticsearch.client.ElasticSearchClient.getDocument(ElasticSearchClient.groovy:212)
	at com.rackspace.search.elasticsearch.client.ElasticSearchClient$getDocument.call(Unknown Source)
	at com.rackspace.search.service.JobService.getJob(JobService.groovy:56)
	at com.rackspace.search.service.JobService$getJob$0.callCurrent(Unknown Source)
	at com.rackspace.search.service.JobService.getJob(JobService.groovy:52)
	at com.rackspace.search.service.JobService$getJob.call(Unknown Source)
	at org.codehaus.groovy.runtime.callsite.CallSiteArray.defaultCall(CallSiteArray.java:45)
	at org.codehaus.groovy.runtime.callsite.AbstractCallSite.call(AbstractCallSite.java:108)
	at org.codehaus.groovy.runtime.callsite.AbstractCallSite.call(AbstractCallSite.java:116)
	at com.rackspace.search.service.zendesk.ZendeskTicketOngoingSyncJob.setupJob(ZendeskTicketOngoingSyncJob.groovy:79)
	at sun.reflect.NativeMethodAccessorImpl.invoke0(Native Method)
	at sun.reflect.NativeMethodAccessorImpl.invoke(NativeMethodAccessorImpl.java:39)
	at sun.reflect.DelegatingMethodAccessorImpl.invoke(DelegatingMethodAccessorImpl.java:25)
	at java.lang.reflect.Method.invoke(Method.java:597)
	at org.codehaus.groovy.reflection.CachedMethod.invoke(CachedMethod.java:90)
	at groovy.lang.MetaMethod.doMethodInvoke(MetaMethod.java:233)
	at groovy.lang.MetaClassImpl.invokeMethod(MetaClassImpl.java:1085)
	at org.codehaus.groovy.runtime.ScriptBytecodeAdapter.invokeMethodOnCurrentN(ScriptBytecodeAdapter.java:78)
	at com.rackspace.search.service.zendesk.ZendeskTicketOngoingSyncJob.this$dist$invoke$1(ZendeskTicketOngoingSyncJob.groovy)
	at com.rackspace.search.service.zendesk.ZendeskTicketOngoingSyncJob$1.methodMissing(ZendeskTicketOngoingSyncJob.groovy)
	at sun.reflect.NativeMethodAccessorImpl.invoke0(Native Method)
	at sun.reflect.NativeMethodAccessorImpl.invoke(NativeMethodAccessorImpl.java:39)
	at sun.reflect.DelegatingMethodAccessorImpl.invoke(DelegatingMethodAccessorImpl.java:25)
	at java.lang.reflect.Method.invoke(Method.java:597)
	at org.codehaus.groovy.reflection.CachedMethod.invoke(CachedMethod.java:90)
	at groovy.lang.MetaClassImpl.invokeMissingMethod(MetaClassImpl.java:837)
	at groovy.lang.MetaClassImpl.invokePropertyOrMissing(MetaClassImpl.java:1134)
	at groovy.lang.MetaClassImpl.invokeMethod(MetaClassImpl.java:1087)
	at groovy.lang.MetaClassImpl.invokeMethod(MetaClassImpl.java:909)
	at org.codehaus.groovy.runtime.callsite.PogoMetaClassSite.callCurrent(PogoMetaClassSite.java:66)
	at org.codehaus.groovy.runtime.callsite.CallSiteArray.defaultCallCurrent(CallSiteArray.java:49)
	at org.codehaus.groovy.runtime.callsite.AbstractCallSite.callCurrent(AbstractCallSite.java:133)
	at org.codehaus.groovy.runtime.callsite.AbstractCallSite.callCurrent(AbstractCallSite.java:137)
	at com.rackspace.search.service.zendesk.ZendeskTicketOngoingSyncJob$1.run(ZendeskTicketOngoingSyncJob.groovy:60)
	at java.util.TimerThread.mainLoop(Timer.java:512)
	at java.util.TimerThread.run(Timer.java:462)
Exception in thread "Timer-0" com.rackspace.search.exception.NotFoundException: Index is missing
	at sun.reflect.NativeConstructorAccessorImpl.newInstance0(Native Method)
	at sun.reflect.NativeConstructorAccessorImpl.newInstance(NativeConstructorAccessorImpl.java:39)
	at sun.reflect.DelegatingConstructorAccessorImpl.newInstance(DelegatingConstructorAccessorImpl.java:27)
	at java.lang.reflect.Constructor.newInstance(Constructor.java:513)
	at org.codehaus.groovy.reflection.CachedConstructor.invoke(CachedConstructor.java:77)
	at org.codehaus.groovy.runtime.callsite.ConstructorSite$ConstructorSiteNoUnwrapNoCoerce.callConstructor(ConstructorSite.java:102)
	at org.codehaus.groovy.runtime.callsite.AbstractCallSite.callConstructor(AbstractCallSite.java:190)
	at com.rackspace.search.elasticsearch.client.ElasticSearchClient.getDocument(ElasticSearchClient.groovy:212)
	at com.rackspace.search.elasticsearch.client.ElasticSearchClient$getDocument.call(Unknown Source)
	at org.codehaus.groovy.runtime.callsite.CallSiteArray.defaultCall(CallSiteArray.java:45)
	at org.codehaus.groovy.runtime.callsite.AbstractCallSite.call(AbstractCallSite.java:108)
	at org.codehaus.groovy.runtime.callsite.AbstractCallSite.call(AbstractCallSite.java:124)
	at com.rackspace.search.service.JobService.getJob(JobService.groovy:56)
	at com.rackspace.search.service.JobService$getJob$0.callCurrent(Unknown Source)
	at org.codehaus.groovy.runtime.callsite.CallSiteArray.defaultCallCurrent(CallSiteArray.java:49)
	at org.codehaus.groovy.runtime.callsite.AbstractCallSite.callCurrent(AbstractCallSite.java:133)
	at org.codehaus.groovy.runtime.callsite.AbstractCallSite.callCurrent(AbstractCallSite.java:141)
	at com.rackspace.search.service.JobService.getJob(JobService.groovy:52)
	at com.rackspace.search.service.JobService$getJob.call(Unknown Source)
	at org.codehaus.groovy.runtime.callsite.CallSiteArray.defaultCall(CallSiteArray.java:45)
	at org.codehaus.groovy.runtime.callsite.AbstractCallSite.call(AbstractCallSite.java:108)
	at org.codehaus.groovy.runtime.callsite.AbstractCallSite.call(AbstractCallSite.java:116)
	at com.rackspace.search.service.core.CoreTicketOngoingSyncJob.setupJob(CoreTicketOnGoingSyncJob.groovy:90)
	at sun.reflect.NativeMethodAccessorImpl.invoke0(Native Method)
	at sun.reflect.NativeMethodAccessorImpl.invoke(NativeMethodAccessorImpl.java:39)
	at sun.reflect.DelegatingMethodAccessorImpl.invoke(DelegatingMethodAccessorImpl.java:25)
	at java.lang.reflect.Method.invoke(Method.java:597)
	at org.codehaus.groovy.reflection.CachedMethod.invoke(CachedMethod.java:90)
	at groovy.lang.MetaMethod.doMethodInvoke(MetaMethod.java:233)
	at groovy.lang.MetaClassImpl.invokeMethod(MetaClassImpl.java:1085)
	at org.codehaus.groovy.runtime.ScriptBytecodeAdapter.invokeMethodOnCurrentN(ScriptBytecodeAdapter.java:78)
	at com.rackspace.search.service.core.CoreTicketOngoingSyncJob.this$dist$invoke$1(CoreTicketOnGoingSyncJob.groovy)
	at com.rackspace.search.service.core.CoreTicketOngoingSyncJob$1.methodMissing(CoreTicketOnGoingSyncJob.groovy)
	at sun.reflect.NativeMethodAccessorImpl.invoke0(Native Method)
	at sun.reflect.NativeMethodAccessorImpl.invoke(NativeMethodAccessorImpl.java:39)
	at sun.reflect.DelegatingMethodAccessorImpl.invoke(DelegatingMethodAccessorImpl.java:25)
	at java.lang.reflect.Method.invoke(Method.java:597)
	at org.codehaus.groovy.reflection.CachedMethod.invoke(CachedMethod.java:90)
	at groovy.lang.MetaClassImpl.invokeMissingMethod(MetaClassImpl.java:837)
	at groovy.lang.MetaClassImpl.invokePropertyOrMissing(MetaClassImpl.java:1134)
	at groovy.lang.MetaClassImpl.invokeMethod(MetaClassImpl.java:1087)
	at groovy.lang.MetaClassImpl.invokeMethod(MetaClassImpl.java:909)
	at org.codehaus.groovy.runtime.callsite.PogoMetaClassSite.callCurrent(PogoMetaClassSite.java:66)
	at org.codehaus.groovy.runtime.callsite.CallSiteArray.defaultCallCurrent(CallSiteArray.java:49)
	at org.codehaus.groovy.runtime.callsite.AbstractCallSite.callCurrent(AbstractCallSite.java:133)
	at org.codehaus.groovy.runtime.callsite.AbstractCallSite.callCurrent(AbstractCallSite.java:137)
	at com.rackspace.search.service.core.CoreTicketOngoingSyncJob$1.run(CoreTicketOnGoingSyncJob.groovy:72)
	at java.util.TimerThread.mainLoop(Timer.java:512)
	at java.util.TimerThread.run(Timer.java:462)
Exception in thread "Timer-4" com.rackspace.search.exception.NotFoundException: Index is missing
	at sun.reflect.NativeConstructorAccessorImpl.newInstance0(Native Method)
	at sun.reflect.NativeConstructorAccessorImpl.newInstance(NativeConstructorAccessorImpl.java:39)
	at sun.reflect.DelegatingConstructorAccessorImpl.newInstance(DelegatingConstructorAccessorImpl.java:27)
	at java.lang.reflect.Constructor.newInstance(Constructor.java:513)
	at org.codehaus.groovy.reflection.CachedConstructor.invoke(CachedConstructor.java:77)
	at org.codehaus.groovy.runtime.callsite.ConstructorSite$ConstructorSiteNoUnwrapNoCoerce.callConstructor(ConstructorSite.java:102)
	at org.codehaus.groovy.runtime.callsite.CallSiteArray.defaultCallConstructor(CallSiteArray.java:57)
	at org.codehaus.groovy.runtime.callsite.AbstractCallSite.callConstructor(AbstractCallSite.java:182)
	at org.codehaus.groovy.runtime.callsite.AbstractCallSite.callConstructor(AbstractCallSite.java:190)
	at com.rackspace.search.elasticsearch.client.ElasticSearchClient.getDocument(ElasticSearchClient.groovy:212)
	at com.rackspace.search.elasticsearch.client.ElasticSearchClient$getDocument.call(Unknown Source)
	at com.rackspace.search.service.JobService.getJob(JobService.groovy:56)
	at com.rackspace.search.service.JobService$getJob$0.callCurrent(Unknown Source)
	at com.rackspace.search.service.JobService.getJob(JobService.groovy:52)
	at com.rackspace.search.service.JobService$getJob.call(Unknown Source)
	at org.codehaus.groovy.runtime.callsite.CallSiteArray.defaultCall(CallSiteArray.java:45)
	at org.codehaus.groovy.runtime.callsite.AbstractCallSite.call(AbstractCallSite.java:108)
	at org.codehaus.groovy.runtime.callsite.AbstractCallSite.call(AbstractCallSite.java:116)
	at com.rackspace.search.service.account.CoreAccountUpdateSyncJob.setupJob(CoreAccountUpdateSyncJob.groovy:96)
	at com.rackspace.search.service.account.CoreAccountUpdateSyncJob.this$2$setupJob(CoreAccountUpdateSyncJob.groovy)
	at sun.reflect.NativeMethodAccessorImpl.invoke0(Native Method)
	at sun.reflect.NativeMethodAccessorImpl.invoke(NativeMethodAccessorImpl.java:39)
	at sun.reflect.DelegatingMethodAccessorImpl.invoke(DelegatingMethodAccessorImpl.java:25)
	at java.lang.reflect.Method.invoke(Method.java:597)
	at org.codehaus.groovy.reflection.CachedMethod.invoke(CachedMethod.java:90)
	at groovy.lang.MetaMethod.doMethodInvoke(MetaMethod.java:233)
	at groovy.lang.MetaClassImpl.invokeMethod(MetaClassImpl.java:1085)
	at org.codehaus.groovy.runtime.ScriptBytecodeAdapter.invokeMethodOnCurrentN(ScriptBytecodeAdapter.java:78)
	at com.rackspace.search.service.account.CoreAccountUpdateSyncJob.this$dist$invoke$1(CoreAccountUpdateSyncJob.groovy)
	at com.rackspace.search.service.account.CoreAccountUpdateSyncJob$1.methodMissing(CoreAccountUpdateSyncJob.groovy)
	at sun.reflect.NativeMethodAccessorImpl.invoke0(Native Method)
	at sun.reflect.NativeMethodAccessorImpl.invoke(NativeMethodAccessorImpl.java:39)
	at sun.reflect.DelegatingMethodAccessorImpl.invoke(DelegatingMethodAccessorImpl.java:25)
	at java.lang.reflect.Method.invoke(Method.java:597)
	at org.codehaus.groovy.reflection.CachedMethod.invoke(CachedMethod.java:90)
	at groovy.lang.MetaClassImpl.invokeMissingMethod(MetaClassImpl.java:837)
	at groovy.lang.MetaClassImpl.invokePropertyOrMissing(MetaClassImpl.java:1134)
	at groovy.lang.MetaClassImpl.invokeMethod(MetaClassImpl.java:1087)
	at groovy.lang.MetaClassImpl.invokeMethod(MetaClassImpl.java:909)
	at org.codehaus.groovy.runtime.callsite.PogoMetaClassSite.callCurrent(PogoMetaClassSite.java:66)
	at org.codehaus.groovy.runtime.callsite.CallSiteArray.defaultCallCurrent(CallSiteArray.java:49)
	at org.codehaus.groovy.runtime.callsite.AbstractCallSite.callCurrent(AbstractCallSite.java:133)
	at org.codehaus.groovy.runtime.callsite.AbstractCallSite.callCurrent(AbstractCallSite.java:137)
	at com.rackspace.search.service.account.CoreAccountUpdateSyncJob$1.run(CoreAccountUpdateSyncJob.groovy:78)
	at java.util.TimerThread.mainLoop(Timer.java:512)
	at java.util.TimerThread.run(Timer.java:462)
Exception in thread "Timer-7" com.rackspace.search.exception.NotFoundException: Index is missing
	at sun.reflect.NativeConstructorAccessorImpl.newInstance0(Native Method)
	at sun.reflect.NativeConstructorAccessorImpl.newInstance(NativeConstructorAccessorImpl.java:39)
	at sun.reflect.DelegatingConstructorAccessorImpl.newInstance(DelegatingConstructorAccessorImpl.java:27)
	at java.lang.reflect.Constructor.newInstance(Constructor.java:513)
	at org.codehaus.groovy.reflection.CachedConstructor.invoke(CachedConstructor.java:77)
	at org.codehaus.groovy.runtime.callsite.ConstructorSite$ConstructorSiteNoUnwrapNoCoerce.callConstructor(ConstructorSite.java:102)
	at org.codehaus.groovy.runtime.callsite.CallSiteArray.defaultCallConstructor(CallSiteArray.java:57)
	at org.codehaus.groovy.runtime.callsite.AbstractCallSite.callConstructor(AbstractCallSite.java:182)
	at org.codehaus.groovy.runtime.callsite.AbstractCallSite.callConstructor(AbstractCallSite.java:190)
	at com.rackspace.search.elasticsearch.client.ElasticSearchClient.getDocument(ElasticSearchClient.groovy:212)
	at com.rackspace.search.elasticsearch.client.ElasticSearchClient$getDocument.call(Unknown Source)
	at com.rackspace.search.service.JobService.getJob(JobService.groovy:56)
	at com.rackspace.search.service.JobService$getJob$0.callCurrent(Unknown Source)
	at com.rackspace.search.service.JobService.getJob(JobService.groovy:52)
	at com.rackspace.search.service.JobService$getJob.call(Unknown Source)
	at org.codehaus.groovy.runtime.callsite.CallSiteArray.defaultCall(CallSiteArray.java:45)
	at org.codehaus.groovy.runtime.callsite.AbstractCallSite.call(AbstractCallSite.java:108)
	at org.codehaus.groovy.runtime.callsite.AbstractCallSite.call(AbstractCallSite.java:116)
	at com.rackspace.search.service.zendesk.ZendeskUserOngoingSyncJob.setupJob(ZendeskUserOngoingSyncJob.groovy:75)
	at sun.reflect.NativeMethodAccessorImpl.invoke0(Native Method)
	at sun.reflect.NativeMethodAccessorImpl.invoke(NativeMethodAccessorImpl.java:39)
	at sun.reflect.DelegatingMethodAccessorImpl.invoke(DelegatingMethodAccessorImpl.java:25)
	at java.lang.reflect.Method.invoke(Method.java:597)
	at org.codehaus.groovy.reflection.CachedMethod.invoke(CachedMethod.java:90)
	at groovy.lang.MetaMethod.doMethodInvoke(MetaMethod.java:233)
	at groovy.lang.MetaClassImpl.invokeMethod(MetaClassImpl.java:1085)
	at org.codehaus.groovy.runtime.ScriptBytecodeAdapter.invokeMethodOnCurrentN(ScriptBytecodeAdapter.java:78)
	at com.rackspace.search.service.zendesk.ZendeskUserOngoingSyncJob.this$dist$invoke$1(ZendeskUserOngoingSyncJob.groovy)
	at com.rackspace.search.service.zendesk.ZendeskUserOngoingSyncJob$1.methodMissing(ZendeskUserOngoingSyncJob.groovy)
	at sun.reflect.NativeMethodAccessorImpl.invoke0(Native Method)
	at sun.reflect.NativeMethodAccessorImpl.invoke(NativeMethodAccessorImpl.java:39)
	at sun.reflect.DelegatingMethodAccessorImpl.invoke(DelegatingMethodAccessorImpl.java:25)
	at java.lang.reflect.Method.invoke(Method.java:597)
	at org.codehaus.groovy.reflection.CachedMethod.invoke(CachedMethod.java:90)
	at groovy.lang.MetaClassImpl.invokeMissingMethod(MetaClassImpl.java:837)
	at groovy.lang.MetaClassImpl.invokePropertyOrMissing(MetaClassImpl.java:1134)
	at groovy.lang.MetaClassImpl.invokeMethod(MetaClassImpl.java:1087)
	at groovy.lang.MetaClassImpl.invokeMethod(MetaClassImpl.java:909)
	at org.codehaus.groovy.runtime.callsite.PogoMetaClassSite.callCurrent(PogoMetaClassSite.java:66)
	at org.codehaus.groovy.runtime.callsite.CallSiteArray.defaultCallCurrent(CallSiteArray.java:49)
	at org.codehaus.groovy.runtime.callsite.AbstractCallSite.callCurrent(AbstractCallSite.java:133)
	at org.codehaus.groovy.runtime.callsite.AbstractCallSite.callCurrent(AbstractCallSite.java:137)
	at com.rackspace.search.service.zendesk.ZendeskUserOngoingSyncJob$1.run(ZendeskUserOngoingSyncJob.groovy:56)
	at java.util.TimerThread.mainLoop(Timer.java:512)
	at java.util.TimerThread.run(Timer.java:462)
Exception in thread "Timer-1" com.rackspace.search.exception.NotFoundException: Index is missing
	at sun.reflect.NativeConstructorAccessorImpl.newInstance0(Native Method)
	at sun.reflect.NativeConstructorAccessorImpl.newInstance(NativeConstructorAccessorImpl.java:39)
	at sun.reflect.DelegatingConstructorAccessorImpl.newInstance(DelegatingConstructorAccessorImpl.java:27)
	at java.lang.reflect.Constructor.newInstance(Constructor.java:513)
	at org.codehaus.groovy.reflection.CachedConstructor.invoke(CachedConstructor.java:77)
	at org.codehaus.groovy.runtime.callsite.ConstructorSite$ConstructorSiteNoUnwrapNoCoerce.callConstructor(ConstructorSite.java:102)
	at org.codehaus.groovy.runtime.callsite.CallSiteArray.defaultCallConstructor(CallSiteArray.java:57)
	at org.codehaus.groovy.runtime.callsite.AbstractCallSite.callConstructor(AbstractCallSite.java:182)
	at org.codehaus.groovy.runtime.callsite.AbstractCallSite.callConstructor(AbstractCallSite.java:190)
	at com.rackspace.search.elasticsearch.client.ElasticSearchClient.getDocument(ElasticSearchClient.groovy:212)
	at com.rackspace.search.elasticsearch.client.ElasticSearchClient$getDocument.call(Unknown Source)
	at com.rackspace.search.service.JobService.getJob(JobService.groovy:56)
	at com.rackspace.search.service.JobService$getJob$0.callCurrent(Unknown Source)
	at com.rackspace.search.service.JobService.getJob(JobService.groovy:52)
	at com.rackspace.search.service.JobService$getJob.call(Unknown Source)
	at org.codehaus.groovy.runtime.callsite.CallSiteArray.defaultCall(CallSiteArray.java:45)
	at org.codehaus.groovy.runtime.callsite.AbstractCallSite.call(AbstractCallSite.java:108)
	at org.codehaus.groovy.runtime.callsite.AbstractCallSite.call(AbstractCallSite.java:116)
	at com.rackspace.search.service.account.AccountOngoingSyncJob.setupJob(AccountOngoingSyncJob.groovy:97)
	at sun.reflect.NativeMethodAccessorImpl.invoke0(Native Method)
	at sun.reflect.NativeMethodAccessorImpl.invoke(NativeMethodAccessorImpl.java:39)
	at sun.reflect.DelegatingMethodAccessorImpl.invoke(DelegatingMethodAccessorImpl.java:25)
	at java.lang.reflect.Method.invoke(Method.java:597)
	at org.codehaus.groovy.reflection.CachedMethod.invoke(CachedMethod.java:90)
	at groovy.lang.MetaMethod.doMethodInvoke(MetaMethod.java:233)
	at groovy.lang.MetaClassImpl.invokeMethod(MetaClassImpl.java:1085)
	at org.codehaus.groovy.runtime.ScriptBytecodeAdapter.invokeMethodOnCurrentN(ScriptBytecodeAdapter.java:78)
	at com.rackspace.search.service.account.AccountOngoingSyncJob.this$dist$invoke$1(AccountOngoingSyncJob.groovy)
	at com.rackspace.search.service.account.AccountOngoingSyncJob$1.methodMissing(AccountOngoingSyncJob.groovy)
	at sun.reflect.NativeMethodAccessorImpl.invoke0(Native Method)
	at sun.reflect.NativeMethodAccessorImpl.invoke(NativeMethodAccessorImpl.java:39)
	at sun.reflect.DelegatingMethodAccessorImpl.invoke(DelegatingMethodAccessorImpl.java:25)
	at java.lang.reflect.Method.invoke(Method.java:597)
	at org.codehaus.groovy.reflection.CachedMethod.invoke(CachedMethod.java:90)
	at groovy.lang.MetaClassImpl.invokeMissingMethod(MetaClassImpl.java:837)
	at groovy.lang.MetaClassImpl.invokePropertyOrMissing(MetaClassImpl.java:1134)
	at groovy.lang.MetaClassImpl.invokeMethod(MetaClassImpl.java:1087)
	at groovy.lang.MetaClassImpl.invokeMethod(MetaClassImpl.java:909)
	at org.codehaus.groovy.runtime.callsite.PogoMetaClassSite.callCurrent(PogoMetaClassSite.java:66)
	at org.codehaus.groovy.runtime.callsite.CallSiteArray.defaultCallCurrent(CallSiteArray.java:49)
	at org.codehaus.groovy.runtime.callsite.AbstractCallSite.callCurrent(AbstractCallSite.java:133)
	at org.codehaus.groovy.runtime.callsite.AbstractCallSite.callCurrent(AbstractCallSite.java:137)
	at com.rackspace.search.service.account.AccountOngoingSyncJob$1.run(AccountOngoingSyncJob.groovy:78)
	at java.util.TimerThread.mainLoop(Timer.java:512)
	at java.util.TimerThread.run(Timer.java:462)
Exception in thread "Timer-5" com.rackspace.search.exception.NotFoundException: Index is missing
	at sun.reflect.NativeConstructorAccessorImpl.newInstance0(Native Method)
	at sun.reflect.NativeConstructorAccessorImpl.newInstance(NativeConstructorAccessorImpl.java:39)
	at sun.reflect.DelegatingConstructorAccessorImpl.newInstance(DelegatingConstructorAccessorImpl.java:27)
	at java.lang.reflect.Constructor.newInstance(Constructor.java:513)
	at org.codehaus.groovy.reflection.CachedConstructor.invoke(CachedConstructor.java:77)
	at org.codehaus.groovy.runtime.callsite.ConstructorSite$ConstructorSiteNoUnwrapNoCoerce.callConstructor(ConstructorSite.java:102)
	at org.codehaus.groovy.runtime.callsite.AbstractCallSite.callConstructor(AbstractCallSite.java:190)
	at com.rackspace.search.elasticsearch.client.ElasticSearchClient.getDocument(ElasticSearchClient.groovy:212)
	at com.rackspace.search.elasticsearch.client.ElasticSearchClient$getDocument.call(Unknown Source)
	at com.rackspace.search.service.JobService.getJob(JobService.groovy:56)
	at com.rackspace.search.service.JobService$getJob$0.callCurrent(Unknown Source)
	at com.rackspace.search.service.JobService.getJob(JobService.groovy:52)
	at com.rackspace.search.service.JobService$getJob.call(Unknown Source)
	at org.codehaus.groovy.runtime.callsite.CallSiteArray.defaultCall(CallSiteArray.java:45)
	at org.codehaus.groovy.runtime.callsite.AbstractCallSite.call(AbstractCallSite.java:108)
	at org.codehaus.groovy.runtime.callsite.AbstractCallSite.call(AbstractCallSite.java:116)
	at com.rackspace.search.service.admin.AccountOndemandSyncJob.setupJob(AccountOndemandSyncJob.groovy:127)
	at sun.reflect.NativeMethodAccessorImpl.invoke0(Native Method)
	at sun.reflect.NativeMethodAccessorImpl.invoke(NativeMethodAccessorImpl.java:39)
	at sun.reflect.DelegatingMethodAccessorImpl.invoke(DelegatingMethodAccessorImpl.java:25)
	at java.lang.reflect.Method.invoke(Method.java:597)
	at org.codehaus.groovy.reflection.CachedMethod.invoke(CachedMethod.java:90)
	at groovy.lang.MetaMethod.doMethodInvoke(MetaMethod.java:233)
	at groovy.lang.MetaClassImpl.invokeMethod(MetaClassImpl.java:1085)
	at org.codehaus.groovy.runtime.ScriptBytecodeAdapter.invokeMethodOnCurrentN(ScriptBytecodeAdapter.java:78)
	at com.rackspace.search.service.admin.AccountOndemandSyncJob.this$dist$invoke$1(AccountOndemandSyncJob.groovy)
	at com.rackspace.search.service.admin.AccountOndemandSyncJob$1.methodMissing(AccountOndemandSyncJob.groovy)
	at sun.reflect.NativeMethodAccessorImpl.invoke0(Native Method)
	at sun.reflect.NativeMethodAccessorImpl.invoke(NativeMethodAccessorImpl.java:39)
	at sun.reflect.DelegatingMethodAccessorImpl.invoke(DelegatingMethodAccessorImpl.java:25)
	at java.lang.reflect.Method.invoke(Method.java:597)
	at org.codehaus.groovy.reflection.CachedMethod.invoke(CachedMethod.java:90)
	at groovy.lang.MetaClassImpl.invokeMissingMethod(MetaClassImpl.java:837)
	at groovy.lang.MetaClassImpl.invokePropertyOrMissing(MetaClassImpl.java:1134)
	at groovy.lang.MetaClassImpl.invokeMethod(MetaClassImpl.java:1087)
	at groovy.lang.MetaClassImpl.invokeMethod(MetaClassImpl.java:909)
	at org.codehaus.groovy.runtime.callsite.PogoMetaClassSite.callCurrent(PogoMetaClassSite.java:66)
	at org.codehaus.groovy.runtime.callsite.CallSiteArray.defaultCallCurrent(CallSiteArray.java:49)
	at org.codehaus.groovy.runtime.callsite.AbstractCallSite.callCurrent(AbstractCallSite.java:133)
	at org.codehaus.groovy.runtime.callsite.AbstractCallSite.callCurrent(AbstractCallSite.java:137)
	at com.rackspace.search.service.admin.AccountOndemandSyncJob$1.run(AccountOndemandSyncJob.groovy:110)
	at java.util.TimerThread.mainLoop(Timer.java:512)
	at java.util.TimerThread.run(Timer.java:462)
Exception in thread "Timer-3" com.rackspace.search.exception.NotFoundException: Index is missing
	at sun.reflect.NativeConstructorAccessorImpl.newInstance0(Native Method)
	at sun.reflect.NativeConstructorAccessorImpl.newInstance(NativeConstructorAccessorImpl.java:39)
	at sun.reflect.DelegatingConstructorAccessorImpl.newInstance(DelegatingConstructorAccessorImpl.java:27)
	at java.lang.reflect.Constructor.newInstance(Constructor.java:513)
	at org.codehaus.groovy.reflection.CachedConstructor.invoke(CachedConstructor.java:77)
	at org.codehaus.groovy.runtime.callsite.ConstructorSite$ConstructorSiteNoUnwrapNoCoerce.callConstructor(ConstructorSite.java:102)
	at org.codehaus.groovy.runtime.callsite.AbstractCallSite.callConstructor(AbstractCallSite.java:190)
	at com.rackspace.search.elasticsearch.client.ElasticSearchClient.getDocument(ElasticSearchClient.groovy:212)
	at com.rackspace.search.elasticsearch.client.ElasticSearchClient$getDocument.call(Unknown Source)
	at com.rackspace.search.service.JobService.getJob(JobService.groovy:56)
	at com.rackspace.search.service.JobService$getJob$0.callCurrent(Unknown Source)
	at com.rackspace.search.service.JobService.getJob(JobService.groovy:52)
	at com.rackspace.search.service.JobService$getJob.call(Unknown Source)
	at org.codehaus.groovy.runtime.callsite.CallSiteArray.defaultCall(CallSiteArray.java:45)
	at org.codehaus.groovy.runtime.callsite.AbstractCallSite.call(AbstractCallSite.java:108)
	at org.codehaus.groovy.runtime.callsite.AbstractCallSite.call(AbstractCallSite.java:116)
	at com.rackspace.search.service.core.CoreTicketSecondPassSyncJob.setupJob(CoreTicketSecondPassSyncJob.groovy:91)
	at com.rackspace.search.service.core.CoreTicketSecondPassSyncJob.this$2$setupJob(CoreTicketSecondPassSyncJob.groovy)
	at sun.reflect.NativeMethodAccessorImpl.invoke0(Native Method)
	at sun.reflect.NativeMethodAccessorImpl.invoke(NativeMethodAccessorImpl.java:39)
	at sun.reflect.DelegatingMethodAccessorImpl.invoke(DelegatingMethodAccessorImpl.java:25)
	at java.lang.reflect.Method.invoke(Method.java:597)
	at org.codehaus.groovy.reflection.CachedMethod.invoke(CachedMethod.java:90)
	at groovy.lang.MetaMethod.doMethodInvoke(MetaMethod.java:233)
	at groovy.lang.MetaClassImpl.invokeMethod(MetaClassImpl.java:1085)
	at org.codehaus.groovy.runtime.ScriptBytecodeAdapter.invokeMethodOnCurrentN(ScriptBytecodeAdapter.java:78)
	at com.rackspace.search.service.core.CoreTicketSecondPassSyncJob.this$dist$invoke$1(CoreTicketSecondPassSyncJob.groovy)
	at com.rackspace.search.service.core.CoreTicketSecondPassSyncJob$1.methodMissing(CoreTicketSecondPassSyncJob.groovy)
	at sun.reflect.NativeMethodAccessorImpl.invoke0(Native Method)
	at sun.reflect.NativeMethodAccessorImpl.invoke(NativeMethodAccessorImpl.java:39)
	at sun.reflect.DelegatingMethodAccessorImpl.invoke(DelegatingMethodAccessorImpl.java:25)
	at java.lang.reflect.Method.invoke(Method.java:597)
	at org.codehaus.groovy.reflection.CachedMethod.invoke(CachedMethod.java:90)
	at groovy.lang.MetaClassImpl.invokeMissingMethod(MetaClassImpl.java:837)
	at groovy.lang.MetaClassImpl.invokePropertyOrMissing(MetaClassImpl.java:1134)
	at groovy.lang.MetaClassImpl.invokeMethod(MetaClassImpl.java:1087)
	at groovy.lang.MetaClassImpl.invokeMethod(MetaClassImpl.java:909)
	at org.codehaus.groovy.runtime.callsite.PogoMetaClassSite.callCurrent(PogoMetaClassSite.java:66)
	at org.codehaus.groovy.runtime.callsite.CallSiteArray.defaultCallCurrent(CallSiteArray.java:49)
	at org.codehaus.groovy.runtime.callsite.AbstractCallSite.callCurrent(AbstractCallSite.java:133)
	at org.codehaus.groovy.runtime.callsite.AbstractCallSite.callCurrent(AbstractCallSite.java:137)
	at com.rackspace.search.service.core.CoreTicketSecondPassSyncJob$1.run(CoreTicketSecondPassSyncJob.groovy:74)
	at java.util.TimerThread.mainLoop(Timer.java:512)
	at java.util.TimerThread.run(Timer.java:462)
Exception in thread "Timer-2" com.rackspace.search.exception.NotFoundException: Index is missing
	at sun.reflect.NativeConstructorAccessorImpl.newInstance0(Native Method)
	at sun.reflect.NativeConstructorAccessorImpl.newInstance(NativeConstructorAccessorImpl.java:39)
	at sun.reflect.DelegatingConstructorAccessorImpl.newInstance(DelegatingConstructorAccessorImpl.java:27)
	at java.lang.reflect.Constructor.newInstance(Constructor.java:513)
	at org.codehaus.groovy.reflection.CachedConstructor.invoke(CachedConstructor.java:77)
	at org.codehaus.groovy.runtime.callsite.ConstructorSite$ConstructorSiteNoUnwrapNoCoerce.callConstructor(ConstructorSite.java:102)
	at org.codehaus.groovy.runtime.callsite.AbstractCallSite.callConstructor(AbstractCallSite.java:190)
	at com.rackspace.search.elasticsearch.client.ElasticSearchClient.getDocument(ElasticSearchClient.groovy:212)
	at com.rackspace.search.elasticsearch.client.ElasticSearchClient$getDocument.call(Unknown Source)
	at com.rackspace.search.service.JobService.getJob(JobService.groovy:56)
	at com.rackspace.search.service.JobService$getJob$0.callCurrent(Unknown Source)
	at com.rackspace.search.service.JobService.getJob(JobService.groovy:52)
	at com.rackspace.search.service.JobService$getJob.call(Unknown Source)
	at org.codehaus.groovy.runtime.callsite.CallSiteArray.defaultCall(CallSiteArray.java:45)
	at org.codehaus.groovy.runtime.callsite.AbstractCallSite.call(AbstractCallSite.java:108)
	at org.codehaus.groovy.runtime.callsite.AbstractCallSite.call(AbstractCallSite.java:116)
	at com.rackspace.search.service.admin.CoreTicketOndemandSyncJob.setupJob(CoreTicketOndemandSyncJob.groovy:99)
	at sun.reflect.NativeMethodAccessorImpl.invoke0(Native Method)
	at sun.reflect.NativeMethodAccessorImpl.invoke(NativeMethodAccessorImpl.java:39)
	at sun.reflect.DelegatingMethodAccessorImpl.invoke(DelegatingMethodAccessorImpl.java:25)
	at java.lang.reflect.Method.invoke(Method.java:597)
	at org.codehaus.groovy.reflection.CachedMethod.invoke(CachedMethod.java:90)
	at groovy.lang.MetaMethod.doMethodInvoke(MetaMethod.java:233)
	at groovy.lang.MetaClassImpl.invokeMethod(MetaClassImpl.java:1085)
	at org.codehaus.groovy.runtime.ScriptBytecodeAdapter.invokeMethodOnCurrentN(ScriptBytecodeAdapter.java:78)
	at com.rackspace.search.service.admin.CoreTicketOndemandSyncJob.this$dist$invoke$1(CoreTicketOndemandSyncJob.groovy)
	at com.rackspace.search.service.admin.CoreTicketOndemandSyncJob$1.methodMissing(CoreTicketOndemandSyncJob.groovy)
	at sun.reflect.NativeMethodAccessorImpl.invoke0(Native Method)
	at sun.reflect.NativeMethodAccessorImpl.invoke(NativeMethodAccessorImpl.java:39)
	at sun.reflect.DelegatingMethodAccessorImpl.invoke(DelegatingMethodAccessorImpl.java:25)
	at java.lang.reflect.Method.invoke(Method.java:597)
	at org.codehaus.groovy.reflection.CachedMethod.invoke(CachedMethod.java:90)
	at groovy.lang.MetaClassImpl.invokeMissingMethod(MetaClassImpl.java:837)
	at groovy.lang.MetaClassImpl.invokePropertyOrMissing(MetaClassImpl.java:1134)
	at groovy.lang.MetaClassImpl.invokeMethod(MetaClassImpl.java:1087)
	at groovy.lang.MetaClassImpl.invokeMethod(MetaClassImpl.java:909)
	at org.codehaus.groovy.runtime.callsite.PogoMetaClassSite.callCurrent(PogoMetaClassSite.java:66)
	at org.codehaus.groovy.runtime.callsite.CallSiteArray.defaultCallCurrent(CallSiteArray.java:49)
	at org.codehaus.groovy.runtime.callsite.AbstractCallSite.callCurrent(AbstractCallSite.java:133)
	at org.codehaus.groovy.runtime.callsite.AbstractCallSite.callCurrent(AbstractCallSite.java:137)
	at com.rackspace.search.service.admin.CoreTicketOndemandSyncJob$1.run(CoreTicketOndemandSyncJob.groovy:82)
	at java.util.TimerThread.mainLoop(Timer.java:512)
	at java.util.TimerThread.run(Timer.java:462)
Oct 4, 2013 6:20:44 PM com.sun.jersey.spi.spring.container.servlet.SpringServlet getContext
INFO: Using default applicationContext
Oct 4, 2013 6:20:44 PM com.sun.jersey.spi.spring.container.SpringComponentProviderFactory registerSpringBeans
INFO: Registering Spring bean, searchResource, of type com.rackspace.search.endpoint.SearchResource as a root resource class
Oct 4, 2013 6:20:44 PM com.sun.jersey.spi.spring.container.SpringComponentProviderFactory registerSpringBeans
INFO: Registering Spring bean, syncRequestResource, of type com.rackspace.search.endpoint.SyncRequestResource as a root resource class
Oct 4, 2013 6:20:44 PM com.sun.jersey.spi.spring.container.SpringComponentProviderFactory registerSpringBeans
INFO: Registering Spring bean, notFoundExceptionMapper, of type com.rackspace.search.endpoint.fault.mapper.NotFoundExceptionMapper as a provider class
Oct 4, 2013 6:20:44 PM com.sun.jersey.spi.spring.container.SpringComponentProviderFactory registerSpringBeans
INFO: Registering Spring bean, badRequestExceptionMapper, of type com.rackspace.search.endpoint.fault.mapper.BadRequestExceptionMapper as a provider class
Oct 4, 2013 6:20:44 PM com.sun.jersey.spi.spring.container.SpringComponentProviderFactory registerSpringBeans
INFO: Registering Spring bean, staticResource, of type com.rackspace.search.endpoint.StaticResource as a root resource class
Oct 4, 2013 6:20:44 PM com.sun.jersey.spi.spring.container.SpringComponentProviderFactory registerSpringBeans
INFO: Registering Spring bean, jobResource, of type com.rackspace.search.endpoint.JobResource as a root resource class
Oct 4, 2013 6:20:44 PM com.sun.jersey.server.impl.application.WebApplicationImpl _initiate
INFO: Initiating Jersey application, version 'Jersey: 1.9 09/02/2011 11:17 AM'
Oct 4, 2013 6:20:48 PM com.sun.jersey.spi.inject.Errors processErrorMessages
WARNING: The following warnings have been detected with resource and/or provider classes:
  WARNING: A sub-resource method, public javax.ws.rs.core.Response com.rackspace.search.endpoint.SearchResource.getTickets(javax.ws.rs.core.UriInfo,int,int) throws java.lang.Exception, with URI template, "/", is treated as a resource method
  WARNING: A sub-resource method, public javax.ws.rs.core.Response com.rackspace.search.endpoint.SearchResource.getTickets(java.lang.String,javax.ws.rs.core.UriInfo,int,int) throws java.lang.Exception, with URI template, "/", is treated as a resource method
  WARNING: A sub-resource method, public javax.ws.rs.core.Response com.rackspace.search.endpoint.StaticResource.getServiceProfile() throws java.lang.Exception, with URI template, "/", is treated as a resource method
2013-10-04 18:20:49.043:INFO::Started SelectChannelConnector@0.0.0.0:9296
[INFO] Started Jetty Server
[INFO] 
[INFO] [8mha:AAAAYB+LCAAAAAAAAABb85aBtbiIQSmjNKU4P0+vJLE4u1gvPjexLDVPzxdEGvvmZ+X75ZekLlOVfvTjc8FPJgaGiiIGKaiG5Py84vycVD1nCA1SyAABjCCFBQCV27OjYAAAAA==[0m--- jetty-maven-plugin:7.1.5.v20100705:stop (stop-jetty) @ search ---
[INFO] Stopping server 0
[INFO] ------------------------------------------------------------------------
[INFO] Reactor Summary:
[INFO] 
[INFO] Search POM ........................................ SUCCESS [4.649s]
[INFO] search ............................................ SUCCESS [3:59.007s]
[INFO] cucumber .......................................... FAILURE [3:46.813s]
[INFO] ------------------------------------------------------------------------
[INFO] BUILD FAILURE
[INFO] ------------------------------------------------------------------------
[INFO] Total time: 7:54.428s
[INFO] Finished at: Fri Oct 04 18:24:40 UTC 2013
[INFO] Final Memory: 119M/1227M
[INFO] ------------------------------------------------------------------------
[JENKINS] Archiving /var/lib/jenkins/jobs/TSearchFunctionalTests/workspace/cucumber/pom.xml to /var/lib/jenkins/jobs/TSearchFunctionalTests/modules/com.rackspace.api$cucumber/builds/2013-10-04_18-16-34/archive/com.rackspace.api/cucumber/0.1.0_b181-SNAPSHOT/cucumber-0.1.0_b181-SNAPSHOT.pom
[JENKINS] Archiving /var/lib/jenkins/jobs/TSearchFunctionalTests/workspace/cucumber/target/cucumber-0.1.0_b181-SNAPSHOT.jar to /var/lib/jenkins/jobs/TSearchFunctionalTests/modules/com.rackspace.api$cucumber/builds/2013-10-04_18-16-34/archive/com.rackspace.api/cucumber/0.1.0_b181-SNAPSHOT/cucumber-0.1.0_b181-SNAPSHOT.jar
[JENKINS] Archiving /var/lib/jenkins/jobs/TSearchFunctionalTests/workspace/pom.xml to /var/lib/jenkins/jobs/TSearchFunctionalTests/modules/com.rackspace.api$search-pom/builds/2013-10-04_18-16-34/archive/com.rackspace.api/search-pom/0.1.0_b181-SNAPSHOT/search-pom-0.1.0_b181-SNAPSHOT.pom
[JENKINS] Archiving /var/lib/jenkins/jobs/TSearchFunctionalTests/workspace/service/pom.xml to /var/lib/jenkins/jobs/TSearchFunctionalTests/modules/com.rackspace.api$search/builds/2013-10-04_18-16-34/archive/com.rackspace.api/search/0.1.0_b181-SNAPSHOT/search-0.1.0_b181-SNAPSHOT.pom
[JENKINS] Archiving /var/lib/jenkins/jobs/TSearchFunctionalTests/workspace/service/target/search-0.1.0_b181-SNAPSHOT.war to /var/lib/jenkins/jobs/TSearchFunctionalTests/modules/com.rackspace.api$search/builds/2013-10-04_18-16-34/archive/com.rackspace.api/search/0.1.0_b181-SNAPSHOT/search-0.1.0_b181-SNAPSHOT.war
[JENKINS] Archiving /var/lib/jenkins/jobs/TSearchFunctionalTests/workspace/service/target/search-0.1.0_b181-SNAPSHOT-service.jar to /var/lib/jenkins/jobs/TSearchFunctionalTests/modules/com.rackspace.api$search/builds/2013-10-04_18-16-34/archive/com.rackspace.api/search/0.1.0_b181-SNAPSHOT/search-0.1.0_b181-SNAPSHOT-service.jar
[JENKINS] Archiving /var/lib/jenkins/jobs/TSearchFunctionalTests/workspace/service/target/search-0.1.0_b181-SNAPSHOT-config.zip to /var/lib/jenkins/jobs/TSearchFunctionalTests/modules/com.rackspace.api$search/builds/2013-10-04_18-16-34/archive/com.rackspace.api/search/0.1.0_b181-SNAPSHOT/search-0.1.0_b181-SNAPSHOT-config.zip
Waiting for Jenkins to finish collecting data
mavenExecutionResult exceptions not empty
message : Failed to execute goal org.apache.maven.plugins:maven-antrun-plugin:1.6:run (run-cucumbers) on project cucumber: An Ant BuildException has occured: Java returned: 1
cause : An Ant BuildException has occured: Java returned: 1
Stack trace : 
org.apache.maven.lifecycle.LifecycleExecutionException: Failed to execute goal org.apache.maven.plugins:maven-antrun-plugin:1.6:run (run-cucumbers) on project cucumber: An Ant BuildException has occured: Java returned: 1
	at org.apache.maven.lifecycle.internal.MojoExecutor.execute(MojoExecutor.java:217)
	at org.apache.maven.lifecycle.internal.MojoExecutor.execute(MojoExecutor.java:153)
	at org.apache.maven.lifecycle.internal.MojoExecutor.execute(MojoExecutor.java:145)
	at org.apache.maven.lifecycle.internal.LifecycleModuleBuilder.buildProject(LifecycleModuleBuilder.java:84)
	at org.apache.maven.lifecycle.internal.LifecycleModuleBuilder.buildProject(LifecycleModuleBuilder.java:59)
	at org.apache.maven.lifecycle.internal.LifecycleStarter.singleThreadedBuild(LifecycleStarter.java:183)
	at org.apache.maven.lifecycle.internal.LifecycleStarter.execute(LifecycleStarter.java:161)
	at org.apache.maven.DefaultMaven.doExecute(DefaultMaven.java:320)
	at org.apache.maven.DefaultMaven.execute(DefaultMaven.java:156)
	at org.jvnet.hudson.maven3.launcher.Maven3Launcher.main(Maven3Launcher.java:79)
	at sun.reflect.NativeMethodAccessorImpl.invoke0(Native Method)
	at sun.reflect.NativeMethodAccessorImpl.invoke(NativeMethodAccessorImpl.java:39)
	at sun.reflect.DelegatingMethodAccessorImpl.invoke(DelegatingMethodAccessorImpl.java:25)
	at java.lang.reflect.Method.invoke(Method.java:597)
	at org.codehaus.plexus.classworlds.launcher.Launcher.launchStandard(Launcher.java:329)
	at org.codehaus.plexus.classworlds.launcher.Launcher.launch(Launcher.java:239)
	at org.jvnet.hudson.maven3.agent.Maven3Main.launch(Maven3Main.java:158)
	at hudson.maven.Maven3Builder.call(Maven3Builder.java:100)
	at hudson.maven.Maven3Builder.call(Maven3Builder.java:66)
	at hudson.remoting.UserRequest.perform(UserRequest.java:118)
	at hudson.remoting.UserRequest.perform(UserRequest.java:48)
	at hudson.remoting.Request$2.run(Request.java:326)
	at hudson.remoting.InterceptingExecutorService$1.call(InterceptingExecutorService.java:72)
	at java.util.concurrent.FutureTask$Sync.innerRun(FutureTask.java:303)
	at java.util.concurrent.FutureTask.run(FutureTask.java:138)
	at java.util.concurrent.ThreadPoolExecutor$Worker.runTask(ThreadPoolExecutor.java:886)
	at java.util.concurrent.ThreadPoolExecutor$Worker.run(ThreadPoolExecutor.java:908)
	at java.lang.Thread.run(Thread.java:662)
Caused by: org.apache.maven.plugin.MojoExecutionException: An Ant BuildException has occured: Java returned: 1
	at org.apache.maven.plugin.antrun.AntRunMojo.execute(AntRunMojo.java:283)
	at org.apache.maven.plugin.DefaultBuildPluginManager.executeMojo(DefaultBuildPluginManager.java:101)
	at org.apache.maven.lifecycle.internal.MojoExecutor.execute(MojoExecutor.java:209)
	... 27 more
Caused by: /var/lib/jenkins/jobs/TSearchFunctionalTests/workspace/cucumber/target/antrun/build-main.xml:5: Java returned: 1
	at org.apache.tools.ant.taskdefs.Java.execute(Java.java:111)
	at org.apache.tools.ant.UnknownElement.execute(UnknownElement.java:291)
	at sun.reflect.NativeMethodAccessorImpl.invoke0(Native Method)
	at sun.reflect.NativeMethodAccessorImpl.invoke(NativeMethodAccessorImpl.java:39)
	at sun.reflect.DelegatingMethodAccessorImpl.invoke(DelegatingMethodAccessorImpl.java:25)
	at java.lang.reflect.Method.invoke(Method.java:597)
	at org.apache.tools.ant.dispatch.DispatchUtils.execute(DispatchUtils.java:106)
	at org.apache.tools.ant.Task.perform(Task.java:348)
	at org.apache.tools.ant.Target.execute(Target.java:390)
	at org.apache.tools.ant.Target.performTasks(Target.java:411)
	at org.apache.tools.ant.Project.executeSortedTargets(Project.java:1397)
	at org.apache.tools.ant.Project.executeTarget(Project.java:1366)
	at org.apache.maven.plugin.antrun.AntRunMojo.execute(AntRunMojo.java:270)
	... 29 more
