<testsuite errors="0" failures="1" name="" skips="0" tests="30" time="531.392340183"><testcase classname="TestFetchExistingCoreTickets" name="test_load_existing_tickets_to_ticket_search" result="PASSED" /><testcase classname="TestCoreOngoingSync" name="test_updating_status_in_core_marks_ticket_as_updated_in_search" result="PASSED" /><testcase classname="TestCoreOngoingSync" name="test_updating_queue_in_core_marks_ticket_as_updated_in_tq_search" result="PASSED" /><testcase classname="TestListTickets" name="test_list_tickets_by_multiple_values_for_equal_operator" result="PASSED" /><testcase classname="TestPagination" name="test_ascending_sorting_order_when_fetching_the_tickets" result="PASSED" /><testcase classname="TestListTickets" name="test_list_tickets_eql_and_noteql_op_multiple_vals_in_query_parms" result="PASSED" /><testcase classname="TestAccountInformation" name="test_same_number_of_accounts_in_account_svs_and_elastic_search" result="PASSED" /><testcase classname="TestCoreOngoingSync" name="test_updating_priority_in_core_marks_ticket_as_updated_in_search" result="PASSED" /><testcase classname="TestListTickets" name="test_list_tickets_by_date_range_in_query_params_with_eql_op" result="PASSED" /><testcase classname="TestPagination" name="test_last_link_of_pagination_during_list_ticket" result="PASSED" /><testcase classname="TestListTickets" name="test_list_tickets_by_date_range_in_query_params_with_not_eql_op" result="PASSED" /><testcase classname="TestListTickets" name="test_list_tickets_query_params_with_single_value_and_eql_op" result="PASSED" /><testcase classname="TestPagination" name="test_next_previous_link_of_pagination_during_list_tickets" result="PASSED" /><testcase classname="TestPagination" name="test_default_sorting_order_is_ascending" result="PASSED" /><testcase classname="TestListTickets" name="test_list_tickets_query_params_with_single_value_and_not_eql_op" result="PASSED" /><testcase classname="TestFetchExistingCoreTickets" name="test_all_the_dates_are_converted_to_UTC_format" result="PASSED" /><testcase classname="TestListTickets" name="test_list_tickets_by_single_value_for_equal_operator" result="PASSED" /><testcase classname="TestAccountInformation" name="test_list_tickets_and_verify_the_account_data" result="PASSED" /><testcase classname="TestPagination" name="test_descending_sorting_order_when_fetching_the_tickets" result="PASSED" /><testcase classname="TestFetchExistingCoreTickets" name="test_content_type_of_response" result="PASSED" /><testcase classname="TestPagination" name="test_first_link_of_pagination_during_list_ticket" result="PASSED" /><testcase classname="TestListTickets" name="test_get_specific_ticket_using_query_parameters" result="PASSED" /><testcase classname="TestHealthCheck" name="test_health_check_after_installation" result="PASSED" /><testcase classname="TestAccountInformation" name="test_update_ticket_attributes_and_verify_the_account_data" result="PASSED" /><testcase classname="TestListTickets" name="test_list_tickets_eql_and_not_eql_op_single_val_in_query_params" result="PASSED" /><testcase classname="TestListTickets" name="test_get_specific_ticket_and_verify_it_exists_in_the_list" result="PASSED" /><testcase classname="TestHealthCheck" name="test_info_check_after_installation" result="PASSED" /><testcase classname="TestCoreOngoingSync" name="test_ticket_created_in_core_reflects_in_one_minute_in_tqsearch" result="PASSED" /><testcase classname="TestListTickets" name="test_list_tickets_query_params_with_multiple_vals_and_not_eql_op" result="PASSED" /><testcase classname="TestCoreOngoingSync" name="test_ticket_updated_in_core_reflects_in_one_minute_in_tqsearch" result="FAILED"><failure message="00" type="AssertionError">Traceback (most recent call last):
  File "/var/lib/jenkins/jobs/CloudCafeTest/workspace/lib/testrepo/tq_search/core_ongoing_sync/test_core_ongoing_sync.py", line 143, in test_ticket_updated_in_core_reflects_in_one_minute_in_tqsearch
    .updatedAt, initial_date))
AssertionError: False is not True : Failed updated ticket in core does not                        match tq_search ticket expected:                        2013-07-17T09:36:00.000+0000 actual 2013-07-17 09:36:00
</failure></testcase></testsuite>